0 verbose cli /data/data/com.termux/files/usr/bin/node /data/data/com.termux/files/usr/bin/npm
1 info using npm@11.14.1
2 info using node@v25.8.2
3 silly config load:file:/data/data/com.termux/files/usr/lib/node_modules/npm/npmrc
4 silly config load:file:/data/data/com.termux/files/home/dojj-api/.npmrc
5 silly config load:file:/data/data/com.termux/files/home/.npmrc
6 silly config load:file:/data/data/com.termux/files/usr/etc/npmrc
7 verbose title npm install express cors dotenv
8 verbose argv "install" "express" "cors" "dotenv"
9 verbose logfile logs-max:10 dir:/data/data/com.termux/files/home/.npm/_logs/2026-05-12T14_42_20_103Z-
10 verbose logfile /data/data/com.termux/files/home/.npm/_logs/2026-05-12T14_42_20_103Z-debug-0.log
11 silly logfile done cleaning log files
12 silly packumentCache heap:1174405120 maxSize:293601280 maxEntrySize:146800640
13 silly idealTree buildDeps
14 silly fetch manifest cors@^2.8.6
15 silly packumentCache full:https://registry.npmjs.org/cors cache-miss
16 http fetch GET 200 https://registry.npmjs.org/cors 323ms (cache revalidated)
17 silly packumentCache full:https://registry.npmjs.org/cors set size:77956 disposed:false
18 silly fetch manifest dotenv@^17.4.2
19 silly packumentCache full:https://registry.npmjs.org/dotenv cache-miss
20 http fetch GET 200 https://registry.npmjs.org/dotenv 59ms (cache revalidated)
21 silly packumentCache full:https://registry.npmjs.org/dotenv set size:277832 disposed:false
22 silly fetch manifest express@^5.2.1
23 silly packumentCache full:https://registry.npmjs.org/express cache-miss
24 http fetch GET 200 https://registry.npmjs.org/express 83ms (cache revalidated)
25 silly packumentCache full:https://registry.npmjs.org/express set size:804926 disposed:false
26 silly placeDep ROOT cors@2.8.6 REPLACE for: dojj-api@1.0.0 want: ^2.8.6
27 silly placeDep ROOT dotenv@17.4.2 REPLACE for: dojj-api@1.0.0 want: ^17.4.2
28 silly placeDep ROOT express@5.2.1 REPLACE for: dojj-api@1.0.0 want: ^5.2.1
29 silly reify moves {}
30 silly audit bulk request {
30 silly audit   accepts: [ '2.0.0' ],
30 silly audit   'body-parser': [ '2.2.2' ],
30 silly audit   bytes: [ '3.1.2' ],
30 silly audit   'call-bind-apply-helpers': [ '1.0.2' ],
30 silly audit   'call-bound': [ '1.0.4' ],
30 silly audit   'content-disposition': [ '1.1.0' ],
30 silly audit   'content-type': [ '1.0.5' ],
30 silly audit   cookie: [ '0.7.2' ],
30 silly audit   'cookie-signature': [ '1.2.2' ],
30 silly audit   debug: [ '4.4.3' ],
30 silly audit   depd: [ '2.0.0' ],
30 silly audit   'dunder-proto': [ '1.0.1' ],
30 silly audit   'ee-first': [ '1.1.1' ],
30 silly audit   encodeurl: [ '2.0.0' ],
30 silly audit   'es-define-property': [ '1.0.1' ],
30 silly audit   'es-errors': [ '1.3.0' ],
30 silly audit   'es-object-atoms': [ '1.1.1' ],
30 silly audit   'escape-html': [ '1.0.3' ],
30 silly audit   etag: [ '1.8.1' ],
30 silly audit   finalhandler: [ '2.1.1' ],
30 silly audit   forwarded: [ '0.2.0' ],
30 silly audit   fresh: [ '2.0.0' ],
30 silly audit   'function-bind': [ '1.1.2' ],
30 silly audit   'get-intrinsic': [ '1.3.0' ],
30 silly audit   'get-proto': [ '1.0.1' ],
30 silly audit   gopd: [ '1.2.0' ],
30 silly audit   'has-symbols': [ '1.1.0' ],
30 silly audit   hasown: [ '2.0.3' ],
30 silly audit   'http-errors': [ '2.0.1' ],
30 silly audit   'iconv-lite': [ '0.7.2' ],
30 silly audit   inherits: [ '2.0.4' ],
30 silly audit   'ipaddr.js': [ '1.9.1' ],
30 silly audit   'is-promise': [ '4.0.0' ],
30 silly audit   'math-intrinsics': [ '1.1.0' ],
30 silly audit   'media-typer': [ '1.1.0' ],
30 silly audit   'merge-descriptors': [ '2.0.0' ],
30 silly audit   'mime-db': [ '1.54.0' ],
30 silly audit   'mime-types': [ '3.0.2' ],
30 silly audit   ms: [ '2.1.3' ],
30 silly audit   negotiator: [ '1.0.0' ],
30 silly audit   'object-assign': [ '4.1.1' ],
30 silly audit   'object-inspect': [ '1.13.4' ],
30 silly audit   'on-finished': [ '2.4.1' ],
30 silly audit   once: [ '1.4.0' ],
30 silly audit   parseurl: [ '1.3.3' ],
30 silly audit   'path-to-regexp': [ '8.4.2' ],
30 silly audit   'proxy-addr': [ '2.0.7' ],
30 silly audit   qs: [ '6.15.1' ],
30 silly audit   'range-parser': [ '1.2.1' ],
30 silly audit   'raw-body': [ '3.0.2' ],
30 silly audit   router: [ '2.2.0' ],
30 silly audit   'safer-buffer': [ '2.1.2' ],
30 silly audit   send: [ '1.2.1' ],
30 silly audit   'serve-static': [ '2.2.1' ],
30 silly audit   setprototypeof: [ '1.2.0' ],
30 silly audit   'side-channel': [ '1.1.0' ],
30 silly audit   'side-channel-list': [ '1.0.1' ],
30 silly audit   'side-channel-map': [ '1.0.1' ],
30 silly audit   'side-channel-weakmap': [ '1.0.2' ],
30 silly audit   statuses: [ '2.0.2' ],
30 silly audit   toidentifier: [ '1.0.1' ],
30 silly audit   'type-is': [ '2.0.1' ],
30 silly audit   unpipe: [ '1.0.0' ],
30 silly audit   vary: [ '1.1.2' ],
30 silly audit   wrappy: [ '1.0.2' ],
30 silly audit   cors: [ '2.8.6' ],
30 silly audit   dotenv: [ '17.4.2' ],
30 silly audit   express: [ '5.2.1' ]
30 silly audit }
31 http fetch POST 200 https://registry.npmjs.org/-/npm/v1/security/advisories/bulk 164ms
32 silly audit report {}
33 verbose cwd /data/data/com.termux/files/home/dojj-api
34 verbose os Linux 6.1.138-android14-11
35 verbose node v25.8.2
36 verbose npm  v11.14.1
37 verbose exit 0
38 info ok
