0 verbose cli /data/data/com.termux/files/usr/bin/node /data/data/com.termux/files/usr/bin/npm
1 info using npm@11.14.1
2 info using node@v25.8.2
3 silly config load:file:/data/data/com.termux/files/usr/lib/node_modules/npm/npmrc
4 silly config load:file:/data/data/com.termux/files/home/dojj-api/.npmrc
5 silly config load:file:/data/data/com.termux/files/home/.npmrc
6 silly config load:file:/data/data/com.termux/files/usr/etc/npmrc
7 verbose title npm install express cors dotenv
8 verbose argv "install" "express" "cors" "dotenv"
9 verbose logfile logs-max:10 dir:/data/data/com.termux/files/home/.npm/_logs/2026-05-12T14_32_24_860Z-
10 verbose logfile /data/data/com.termux/files/home/.npm/_logs/2026-05-12T14_32_24_860Z-debug-0.log
11 silly logfile done cleaning log files
12 silly packumentCache heap:1174405120 maxSize:293601280 maxEntrySize:146800640
13 silly idealTree buildDeps
14 silly fetch manifest express@*
15 silly packumentCache full:https://registry.npmjs.org/express cache-miss
16 http cache https://registry.npmjs.org/express 22ms (cache hit)
17 silly packumentCache full:https://registry.npmjs.org/express set size:804926 disposed:false
18 silly fetch manifest cors@*
19 silly packumentCache full:https://registry.npmjs.org/cors cache-miss
20 http cache https://registry.npmjs.org/cors 7ms (cache hit)
21 silly packumentCache full:https://registry.npmjs.org/cors set size:77956 disposed:false
22 silly fetch manifest dotenv@*
23 silly packumentCache full:https://registry.npmjs.org/dotenv cache-miss
24 http cache https://registry.npmjs.org/dotenv 5ms (cache hit)
25 silly packumentCache full:https://registry.npmjs.org/dotenv set size:277832 disposed:false
26 silly placeDep ROOT cors@2.8.6 OK for: dojj-api@1.0.0 want: *
27 silly placeDep ROOT dotenv@17.4.2 OK for: dojj-api@1.0.0 want: *
28 silly placeDep ROOT express@5.2.1 OK for: dojj-api@1.0.0 want: *
29 silly fetch manifest object-assign@^4
30 silly packumentCache full:https://registry.npmjs.org/object-assign cache-miss
31 silly fetch manifest vary@^1
32 silly packumentCache full:https://registry.npmjs.org/vary cache-miss
33 silly fetch manifest qs@^6.14.0
34 silly packumentCache full:https://registry.npmjs.org/qs cache-miss
35 silly fetch manifest depd@^2.0.0
36 silly packumentCache full:https://registry.npmjs.org/depd cache-miss
37 silly fetch manifest etag@^1.8.1
38 silly packumentCache full:https://registry.npmjs.org/etag cache-miss
39 silly fetch manifest once@^1.4.0
40 silly packumentCache full:https://registry.npmjs.org/once cache-miss
41 silly fetch manifest send@^1.1.0
42 silly packumentCache full:https://registry.npmjs.org/send cache-miss
43 silly fetch manifest vary@^1.1.2
44 silly packumentCache full:https://registry.npmjs.org/vary cache-miss
45 silly fetch manifest debug@^4.4.0
46 silly packumentCache full:https://registry.npmjs.org/debug cache-miss
47 http cache https://registry.npmjs.org/object-assign 14ms (cache hit)
48 silly packumentCache full:https://registry.npmjs.org/object-assign set size:28988 disposed:false
49 silly fetch manifest fresh@^2.0.0
50 silly packumentCache full:https://registry.npmjs.org/fresh cache-miss
51 http cache https://registry.npmjs.org/depd 14ms (cache hit)
52 silly packumentCache full:https://registry.npmjs.org/depd set size:40182 disposed:false
53 silly fetch manifest cookie@^0.7.1
54 silly packumentCache full:https://registry.npmjs.org/cookie cache-miss
55 http cache https://registry.npmjs.org/qs 16ms (cache hit)
56 silly packumentCache full:https://registry.npmjs.org/qs set size:353582 disposed:false
57 silly fetch manifest router@^2.2.0
58 silly packumentCache full:https://registry.npmjs.org/router cache-miss
59 http cache https://registry.npmjs.org/vary 19ms (cache hit)
60 silly packumentCache full:https://registry.npmjs.org/vary set size:15994 disposed:false
61 silly fetch manifest accepts@^2.0.0
62 silly packumentCache full:https://registry.npmjs.org/accepts cache-miss
63 http cache https://registry.npmjs.org/once 20ms (cache hit)
64 silly packumentCache full:https://registry.npmjs.org/once set size:11752 disposed:false
65 silly fetch manifest type-is@^2.0.1
66 silly packumentCache full:https://registry.npmjs.org/type-is cache-miss
67 http cache https://registry.npmjs.org/vary 22ms (cache hit)
68 silly packumentCache full:https://registry.npmjs.org/vary set size:15994 disposed:false
69 silly packumentCache full:https://registry.npmjs.org/vary dispose
70 silly fetch manifest parseurl@^1.3.3
71 silly packumentCache full:https://registry.npmjs.org/parseurl cache-miss
72 http cache https://registry.npmjs.org/etag 22ms (cache hit)
73 silly packumentCache full:https://registry.npmjs.org/etag set size:30032 disposed:false
74 silly fetch manifest statuses@^2.0.1
75 silly packumentCache full:https://registry.npmjs.org/statuses cache-miss
76 http cache https://registry.npmjs.org/send 23ms (cache hit)
77 silly packumentCache full:https://registry.npmjs.org/send set size:152810 disposed:false
78 silly fetch manifest encodeurl@^2.0.0
79 silly packumentCache full:https://registry.npmjs.org/encodeurl cache-miss
80 http cache https://registry.npmjs.org/debug 30ms (cache hit)
81 silly packumentCache full:https://registry.npmjs.org/debug set size:195840 disposed:false
82 silly fetch manifest mime-types@^3.0.0
83 silly packumentCache full:https://registry.npmjs.org/mime-types cache-miss
84 http cache https://registry.npmjs.org/accepts 18ms (cache hit)
85 silly packumentCache full:https://registry.npmjs.org/accepts set size:77054 disposed:false
86 silly fetch manifest proxy-addr@^2.0.7
87 silly packumentCache full:https://registry.npmjs.org/proxy-addr cache-miss
88 http cache https://registry.npmjs.org/parseurl 18ms (cache hit)
89 silly packumentCache full:https://registry.npmjs.org/parseurl set size:24148 disposed:false
90 silly fetch manifest body-parser@^2.2.1
91 silly packumentCache full:https://registry.npmjs.org/body-parser cache-miss
92 http cache https://registry.npmjs.org/type-is 20ms (cache hit)
93 silly packumentCache full:https://registry.npmjs.org/type-is set size:86196 disposed:false
94 silly fetch manifest escape-html@^1.0.3
95 silly packumentCache full:https://registry.npmjs.org/escape-html cache-miss
96 http cache https://registry.npmjs.org/fresh 29ms (cache hit)
97 silly packumentCache full:https://registry.npmjs.org/fresh set size:25427 disposed:false
98 silly fetch manifest http-errors@^2.0.0
99 silly packumentCache full:https://registry.npmjs.org/http-errors cache-miss
100 http cache https://registry.npmjs.org/router 24ms (cache hit)
101 silly packumentCache full:https://registry.npmjs.org/router set size:116499 disposed:false
102 silly fetch manifest on-finished@^2.4.1
103 silly packumentCache full:https://registry.npmjs.org/on-finished cache-miss
104 http cache https://registry.npmjs.org/statuses 22ms (cache hit)
105 silly packumentCache full:https://registry.npmjs.org/statuses set size:37117 disposed:false
106 silly fetch manifest content-type@^1.0.5
107 silly packumentCache full:https://registry.npmjs.org/content-type cache-miss
108 http cache https://registry.npmjs.org/encodeurl 21ms (cache hit)
109 silly packumentCache full:https://registry.npmjs.org/encodeurl set size:12296 disposed:false
110 silly fetch manifest finalhandler@^2.1.0
111 silly packumentCache full:https://registry.npmjs.org/finalhandler cache-miss
112 http cache https://registry.npmjs.org/cookie 32ms (cache hit)
113 silly packumentCache full:https://registry.npmjs.org/cookie set size:72891 disposed:false
114 silly fetch manifest range-parser@^1.2.1
115 silly packumentCache full:https://registry.npmjs.org/range-parser cache-miss
116 http cache https://registry.npmjs.org/mime-types 16ms (cache hit)
117 silly packumentCache full:https://registry.npmjs.org/mime-types set size:139110 disposed:false
118 silly fetch manifest serve-static@^2.2.0
119 silly packumentCache full:https://registry.npmjs.org/serve-static cache-miss
120 http cache https://registry.npmjs.org/escape-html 12ms (cache hit)
121 silly packumentCache full:https://registry.npmjs.org/escape-html set size:7345 disposed:false
122 silly fetch manifest cookie-signature@^1.2.1
123 silly packumentCache full:https://registry.npmjs.org/cookie-signature cache-miss
124 http cache https://registry.npmjs.org/on-finished 10ms (cache hit)
125 silly packumentCache full:https://registry.npmjs.org/on-finished set size:23212 disposed:false
126 silly fetch manifest merge-descriptors@^2.0.0
127 silly packumentCache full:https://registry.npmjs.org/merge-descriptors cache-miss
128 http cache https://registry.npmjs.org/proxy-addr 16ms (cache hit)
129 silly packumentCache full:https://registry.npmjs.org/proxy-addr set size:61619 disposed:false
130 silly fetch manifest content-disposition@^1.0.0
131 silly packumentCache full:https://registry.npmjs.org/content-disposition cache-miss
132 http cache https://registry.npmjs.org/finalhandler 11ms (cache hit)
133 silly packumentCache full:https://registry.npmjs.org/finalhandler set size:79291 disposed:false
134 http cache https://registry.npmjs.org/body-parser 18ms (cache hit)
135 silly packumentCache full:https://registry.npmjs.org/body-parser set size:199299 disposed:false
136 http cache https://registry.npmjs.org/content-type 15ms (cache hit)
137 silly packumentCache full:https://registry.npmjs.org/content-type set size:18994 disposed:false
138 http cache https://registry.npmjs.org/http-errors 19ms (cache hit)
139 silly packumentCache full:https://registry.npmjs.org/http-errors set size:71987 disposed:false
140 http cache https://registry.npmjs.org/range-parser 15ms (cache hit)
141 silly packumentCache full:https://registry.npmjs.org/range-parser set size:22228 disposed:false
142 http cache https://registry.npmjs.org/merge-descriptors 11ms (cache hit)
143 silly packumentCache full:https://registry.npmjs.org/merge-descriptors set size:16527 disposed:false
144 http cache https://registry.npmjs.org/serve-static 16ms (cache hit)
145 silly packumentCache full:https://registry.npmjs.org/serve-static set size:150391 disposed:false
146 http cache https://registry.npmjs.org/content-disposition 12ms (cache hit)
147 silly packumentCache full:https://registry.npmjs.org/content-disposition set size:40258 disposed:false
148 http cache https://registry.npmjs.org/cookie-signature 15ms (cache hit)
149 silly packumentCache full:https://registry.npmjs.org/cookie-signature set size:21777 disposed:false
150 silly placeDep ROOT object-assign@4.1.1 OK for: cors@2.8.6 want: ^4
151 silly placeDep ROOT vary@1.1.2 OK for: cors@2.8.6 want: ^1
152 silly placeDep ROOT accepts@2.0.0 OK for: express@5.2.1 want: ^2.0.0
153 silly placeDep ROOT body-parser@2.2.2 OK for: express@5.2.1 want: ^2.2.1
154 silly placeDep ROOT content-disposition@1.1.0 OK for: express@5.2.1 want: ^1.0.0
155 silly placeDep ROOT content-type@1.0.5 OK for: express@5.2.1 want: ^1.0.5
156 silly placeDep ROOT cookie@0.7.2 OK for: express@5.2.1 want: ^0.7.1
157 silly placeDep ROOT cookie-signature@1.2.2 OK for: express@5.2.1 want: ^1.2.1
158 silly placeDep ROOT debug@4.4.3 OK for: express@5.2.1 want: ^4.4.0
159 silly placeDep ROOT depd@2.0.0 OK for: express@5.2.1 want: ^2.0.0
160 silly placeDep ROOT encodeurl@2.0.0 OK for: express@5.2.1 want: ^2.0.0
161 silly placeDep ROOT escape-html@1.0.3 OK for: express@5.2.1 want: ^1.0.3
162 silly placeDep ROOT etag@1.8.1 OK for: express@5.2.1 want: ^1.8.1
163 silly placeDep ROOT finalhandler@2.1.1 OK for: express@5.2.1 want: ^2.1.0
164 silly placeDep ROOT fresh@2.0.0 OK for: express@5.2.1 want: ^2.0.0
165 silly placeDep ROOT http-errors@2.0.1 OK for: express@5.2.1 want: ^2.0.0
166 silly placeDep ROOT merge-descriptors@2.0.0 OK for: express@5.2.1 want: ^2.0.0
167 silly placeDep ROOT mime-types@3.0.2 OK for: express@5.2.1 want: ^3.0.0
168 silly placeDep ROOT on-finished@2.4.1 OK for: express@5.2.1 want: ^2.4.1
169 silly placeDep ROOT once@1.4.0 OK for: express@5.2.1 want: ^1.4.0
170 silly placeDep ROOT parseurl@1.3.3 OK for: express@5.2.1 want: ^1.3.3
171 silly placeDep ROOT proxy-addr@2.0.7 OK for: express@5.2.1 want: ^2.0.7
172 silly placeDep ROOT qs@6.15.1 OK for: express@5.2.1 want: ^6.14.0
173 silly placeDep ROOT range-parser@1.2.1 OK for: express@5.2.1 want: ^1.2.1
174 silly placeDep ROOT router@2.2.0 OK for: express@5.2.1 want: ^2.2.0
175 silly placeDep ROOT send@1.2.1 OK for: express@5.2.1 want: ^1.1.0
176 silly placeDep ROOT serve-static@2.2.1 OK for: express@5.2.1 want: ^2.2.0
177 silly placeDep ROOT statuses@2.0.2 OK for: express@5.2.1 want: ^2.0.1
178 silly placeDep ROOT type-is@2.0.1 OK for: express@5.2.1 want: ^2.0.1
179 silly fetch manifest negotiator@^1.0.0
180 silly packumentCache full:https://registry.npmjs.org/negotiator cache-miss
181 silly fetch manifest qs@^6.14.1
182 silly packumentCache full:https://registry.npmjs.org/qs cache-hit
183 silly fetch manifest bytes@^3.1.2
184 silly packumentCache full:https://registry.npmjs.org/bytes cache-miss
185 silly fetch manifest debug@^4.4.3
186 silly packumentCache full:https://registry.npmjs.org/debug cache-hit
187 silly fetch manifest raw-body@^3.0.1
188 silly packumentCache full:https://registry.npmjs.org/raw-body cache-miss
189 silly fetch manifest iconv-lite@^0.7.0
190 silly packumentCache full:https://registry.npmjs.org/iconv-lite cache-miss
191 silly fetch manifest ms@^2.1.3
192 silly packumentCache full:https://registry.npmjs.org/ms cache-miss
193 silly fetch manifest inherits@~2.0.4
194 silly packumentCache full:https://registry.npmjs.org/inherits cache-miss
195 silly fetch manifest setprototypeof@~1.2.0
196 silly packumentCache full:https://registry.npmjs.org/setprototypeof cache-miss
197 silly fetch manifest statuses@~2.0.2
198 silly packumentCache full:https://registry.npmjs.org/statuses cache-hit
199 silly fetch manifest toidentifier@~1.0.1
200 silly packumentCache full:https://registry.npmjs.org/toidentifier cache-miss
201 silly fetch manifest mime-db@^1.54.0
202 silly packumentCache full:https://registry.npmjs.org/mime-db cache-miss
203 http cache https://registry.npmjs.org/iconv-lite 8ms (cache hit)
204 silly packumentCache full:https://registry.npmjs.org/iconv-lite set size:120557 disposed:false
205 silly fetch manifest ee-first@1.1.1
206 silly packumentCache full:https://registry.npmjs.org/ee-first cache-miss
207 http cache https://registry.npmjs.org/negotiator 11ms (cache hit)
208 silly packumentCache full:https://registry.npmjs.org/negotiator set size:48046 disposed:false
209 silly fetch manifest wrappy@1
210 silly packumentCache full:https://registry.npmjs.org/wrappy cache-miss
211 http cache https://registry.npmjs.org/bytes 11ms (cache hit)
212 silly packumentCache full:https://registry.npmjs.org/bytes set size:37018 disposed:false
213 silly fetch manifest forwarded@0.2.0
214 silly packumentCache full:https://registry.npmjs.org/forwarded cache-miss
215 http cache https://registry.npmjs.org/raw-body 13ms (cache hit)
216 silly packumentCache full:https://registry.npmjs.org/raw-body set size:117822 disposed:false
217 silly fetch manifest ipaddr.js@1.9.1
218 silly packumentCache full:https://registry.npmjs.org/ipaddr.js cache-miss
219 http cache https://registry.npmjs.org/inherits 12ms (cache hit)
220 silly packumentCache full:https://registry.npmjs.org/inherits set size:12925 disposed:false
221 silly fetch manifest side-channel@^1.1.0
222 silly packumentCache full:https://registry.npmjs.org/side-channel cache-miss
223 http cache https://registry.npmjs.org/ms 14ms (cache hit)
224 silly packumentCache full:https://registry.npmjs.org/ms set size:92208 disposed:false
225 silly fetch manifest is-promise@^4.0.0
226 silly packumentCache full:https://registry.npmjs.org/is-promise cache-miss
227 http cache https://registry.npmjs.org/setprototypeof 15ms (cache hit)
228 silly packumentCache full:https://registry.npmjs.org/setprototypeof set size:14532 disposed:false
229 silly fetch manifest path-to-regexp@^8.0.0
230 silly packumentCache full:https://registry.npmjs.org/path-to-regexp cache-miss
231 http cache https://registry.npmjs.org/toidentifier 16ms (cache hit)
232 silly packumentCache full:https://registry.npmjs.org/toidentifier set size:12006 disposed:false
233 silly fetch manifest statuses@^2.0.2
234 silly packumentCache full:https://registry.npmjs.org/statuses cache-hit
235 silly fetch manifest media-typer@^1.1.0
236 silly packumentCache full:https://registry.npmjs.org/media-typer cache-miss
237 http cache https://registry.npmjs.org/mime-db 17ms (cache hit)
238 silly packumentCache full:https://registry.npmjs.org/mime-db set size:164953 disposed:false
239 http cache https://registry.npmjs.org/forwarded 13ms (cache hit)
240 silly packumentCache full:https://registry.npmjs.org/forwarded set size:11229 disposed:false
241 http cache https://registry.npmjs.org/side-channel 11ms (cache hit)
242 silly packumentCache full:https://registry.npmjs.org/side-channel set size:24660 disposed:false
243 http cache https://registry.npmjs.org/wrappy 15ms (cache hit)
244 silly packumentCache full:https://registry.npmjs.org/wrappy set size:7682 disposed:false
245 http cache https://registry.npmjs.org/ee-first 17ms (cache hit)
246 silly packumentCache full:https://registry.npmjs.org/ee-first set size:15327 disposed:false
247 http cache https://registry.npmjs.org/media-typer 9ms (cache hit)
248 silly packumentCache full:https://registry.npmjs.org/media-typer set size:20873 disposed:false
249 http cache https://registry.npmjs.org/ipaddr.js 14ms (cache hit)
250 silly packumentCache full:https://registry.npmjs.org/ipaddr.js set size:69563 disposed:false
251 http cache https://registry.npmjs.org/path-to-regexp 12ms (cache hit)
252 silly packumentCache full:https://registry.npmjs.org/path-to-regexp set size:216334 disposed:false
253 http cache https://registry.npmjs.org/is-promise 15ms (cache hit)
254 silly packumentCache full:https://registry.npmjs.org/is-promise set size:18599 disposed:false
255 silly placeDep ROOT negotiator@1.0.0 OK for: accepts@2.0.0 want: ^1.0.0
256 silly placeDep ROOT bytes@3.1.2 OK for: body-parser@2.2.2 want: ^3.1.2
257 silly placeDep ROOT iconv-lite@0.7.2 OK for: body-parser@2.2.2 want: ^0.7.0
258 silly placeDep ROOT raw-body@3.0.2 OK for: body-parser@2.2.2 want: ^3.0.1
259 silly fetch manifest safer-buffer@>= 2.1.2 < 3.0.0
260 silly packumentCache full:https://registry.npmjs.org/safer-buffer cache-miss
261 silly fetch manifest unpipe@~1.0.0
262 silly packumentCache full:https://registry.npmjs.org/unpipe cache-miss
263 http cache https://registry.npmjs.org/safer-buffer 4ms (cache hit)
264 silly packumentCache full:https://registry.npmjs.org/safer-buffer set size:18521 disposed:false
265 http cache https://registry.npmjs.org/unpipe 5ms (cache hit)
266 silly packumentCache full:https://registry.npmjs.org/unpipe set size:3609 disposed:false
267 silly placeDep ROOT ms@2.1.3 OK for: debug@4.4.3 want: ^2.1.3
268 silly placeDep ROOT inherits@2.0.4 OK for: http-errors@2.0.1 want: ~2.0.4
269 silly placeDep ROOT setprototypeof@1.2.0 OK for: http-errors@2.0.1 want: ~1.2.0
270 silly placeDep ROOT toidentifier@1.0.1 OK for: http-errors@2.0.1 want: ~1.0.1
271 silly placeDep ROOT safer-buffer@2.1.2 OK for: iconv-lite@0.7.2 want: >= 2.1.2 < 3.0.0
272 silly placeDep ROOT mime-db@1.54.0 OK for: mime-types@3.0.2 want: ^1.54.0
273 silly placeDep ROOT ee-first@1.1.1 OK for: on-finished@2.4.1 want: 1.1.1
274 silly placeDep ROOT wrappy@1.0.2 OK for: once@1.4.0 want: 1
275 silly placeDep ROOT forwarded@0.2.0 OK for: proxy-addr@2.0.7 want: 0.2.0
276 silly placeDep ROOT ipaddr.js@1.9.1 OK for: proxy-addr@2.0.7 want: 1.9.1
277 silly placeDep ROOT side-channel@1.1.0 OK for: qs@6.15.1 want: ^1.1.0
278 silly fetch manifest es-errors@^1.3.0
279 silly packumentCache full:https://registry.npmjs.org/es-errors cache-miss
280 silly fetch manifest object-inspect@^1.13.3
281 silly packumentCache full:https://registry.npmjs.org/object-inspect cache-miss
282 silly fetch manifest side-channel-list@^1.0.0
283 silly packumentCache full:https://registry.npmjs.org/side-channel-list cache-miss
284 silly fetch manifest side-channel-map@^1.0.1
285 silly packumentCache full:https://registry.npmjs.org/side-channel-map cache-miss
286 silly fetch manifest side-channel-weakmap@^1.0.2
287 silly packumentCache full:https://registry.npmjs.org/side-channel-weakmap cache-miss
288 http cache https://registry.npmjs.org/side-channel-list 9ms (cache hit)
289 silly packumentCache full:https://registry.npmjs.org/side-channel-list set size:9021 disposed:false
290 http cache https://registry.npmjs.org/side-channel-map 10ms (cache hit)
291 silly packumentCache full:https://registry.npmjs.org/side-channel-map set size:9126 disposed:false
292 http cache https://registry.npmjs.org/es-errors 11ms (cache hit)
293 silly packumentCache full:https://registry.npmjs.org/es-errors set size:16918 disposed:false
294 http cache https://registry.npmjs.org/object-inspect 11ms (cache hit)
295 silly packumentCache full:https://registry.npmjs.org/object-inspect set size:101912 disposed:false
296 http cache https://registry.npmjs.org/side-channel-weakmap 13ms (cache hit)
297 silly packumentCache full:https://registry.npmjs.org/side-channel-weakmap set size:12620 disposed:false
298 silly placeDep ROOT unpipe@1.0.0 OK for: raw-body@3.0.2 want: ~1.0.0
299 silly placeDep ROOT is-promise@4.0.0 OK for: router@2.2.0 want: ^4.0.0
300 silly placeDep ROOT path-to-regexp@8.4.2 OK for: router@2.2.0 want: ^8.0.0
301 silly placeDep ROOT es-errors@1.3.0 OK for: side-channel@1.1.0 want: ^1.3.0
302 silly placeDep ROOT object-inspect@1.13.4 OK for: side-channel@1.1.0 want: ^1.13.3
303 silly placeDep ROOT side-channel-list@1.0.1 OK for: side-channel@1.1.0 want: ^1.0.0
304 silly placeDep ROOT side-channel-map@1.0.1 OK for: side-channel@1.1.0 want: ^1.0.1
305 silly placeDep ROOT side-channel-weakmap@1.0.2 OK for: side-channel@1.1.0 want: ^1.0.2
306 silly fetch manifest call-bound@^1.0.2
307 silly packumentCache full:https://registry.npmjs.org/call-bound cache-miss
308 silly fetch manifest get-intrinsic@^1.2.5
309 silly packumentCache full:https://registry.npmjs.org/get-intrinsic cache-miss
310 silly fetch manifest call-bound@^1.0.2
311 silly packumentCache full:https://registry.npmjs.org/call-bound cache-miss
312 silly fetch manifest get-intrinsic@^1.2.5
313 silly packumentCache full:https://registry.npmjs.org/get-intrinsic cache-miss
314 http cache https://registry.npmjs.org/get-intrinsic 5ms (cache hit)
315 silly packumentCache full:https://registry.npmjs.org/get-intrinsic set size:60985 disposed:false
316 http cache https://registry.npmjs.org/get-intrinsic 6ms (cache hit)
317 silly packumentCache full:https://registry.npmjs.org/get-intrinsic set size:60985 disposed:false
318 silly packumentCache full:https://registry.npmjs.org/get-intrinsic dispose
319 http cache https://registry.npmjs.org/call-bound 7ms (cache hit)
320 silly packumentCache full:https://registry.npmjs.org/call-bound set size:15317 disposed:false
321 http cache https://registry.npmjs.org/call-bound 7ms (cache hit)
322 silly packumentCache full:https://registry.npmjs.org/call-bound set size:15317 disposed:false
323 silly packumentCache full:https://registry.npmjs.org/call-bound dispose
324 silly placeDep ROOT call-bound@1.0.4 OK for: side-channel-map@1.0.1 want: ^1.0.2
325 silly placeDep ROOT get-intrinsic@1.3.0 OK for: side-channel-map@1.0.1 want: ^1.2.5
326 silly fetch manifest call-bind-apply-helpers@^1.0.2
327 silly packumentCache full:https://registry.npmjs.org/call-bind-apply-helpers cache-miss
328 silly fetch manifest get-intrinsic@^1.3.0
329 silly packumentCache full:https://registry.npmjs.org/get-intrinsic cache-hit
330 silly fetch manifest gopd@^1.2.0
331 silly packumentCache full:https://registry.npmjs.org/gopd cache-miss
332 silly fetch manifest hasown@^2.0.2
333 silly packumentCache full:https://registry.npmjs.org/hasown cache-miss
334 silly fetch manifest get-proto@^1.0.1
335 silly packumentCache full:https://registry.npmjs.org/get-proto cache-miss
336 silly fetch manifest has-symbols@^1.1.0
337 silly packumentCache full:https://registry.npmjs.org/has-symbols cache-miss
338 silly fetch manifest function-bind@^1.1.2
339 silly packumentCache full:https://registry.npmjs.org/function-bind cache-miss
340 silly fetch manifest es-object-atoms@^1.1.1
341 silly packumentCache full:https://registry.npmjs.org/es-object-atoms cache-miss
342 silly fetch manifest math-intrinsics@^1.1.0
343 silly packumentCache full:https://registry.npmjs.org/math-intrinsics cache-miss
344 silly fetch manifest es-define-property@^1.0.1
345 silly packumentCache full:https://registry.npmjs.org/es-define-property cache-miss
346 http cache https://registry.npmjs.org/hasown 7ms (cache hit)
347 silly packumentCache full:https://registry.npmjs.org/hasown set size:15429 disposed:false
348 silly fetch manifest call-bind-apply-helpers@^1.0.2
349 silly packumentCache full:https://registry.npmjs.org/call-bind-apply-helpers cache-miss
350 http cache https://registry.npmjs.org/call-bind-apply-helpers 9ms (cache hit)
351 silly packumentCache full:https://registry.npmjs.org/call-bind-apply-helpers set size:12744 disposed:false
352 http cache https://registry.npmjs.org/has-symbols 9ms (cache hit)
353 silly packumentCache full:https://registry.npmjs.org/has-symbols set size:21550 disposed:false
354 http cache https://registry.npmjs.org/get-proto 9ms (cache hit)
355 silly packumentCache full:https://registry.npmjs.org/get-proto set size:8300 disposed:false
356 http cache https://registry.npmjs.org/es-object-atoms 10ms (cache hit)
357 silly packumentCache full:https://registry.npmjs.org/es-object-atoms set size:15304 disposed:false
358 http cache https://registry.npmjs.org/math-intrinsics 10ms (cache hit)
359 silly packumentCache full:https://registry.npmjs.org/math-intrinsics set size:9265 disposed:false
360 http cache https://registry.npmjs.org/gopd 11ms (cache hit)
361 silly packumentCache full:https://registry.npmjs.org/gopd set size:11458 disposed:false
362 http cache https://registry.npmjs.org/function-bind 12ms (cache hit)
363 silly packumentCache full:https://registry.npmjs.org/function-bind set size:15733 disposed:false
364 http cache https://registry.npmjs.org/es-define-property 11ms (cache hit)
365 silly packumentCache full:https://registry.npmjs.org/es-define-property set size:8542 disposed:false
366 http cache https://registry.npmjs.org/call-bind-apply-helpers 5ms (cache hit)
367 silly packumentCache full:https://registry.npmjs.org/call-bind-apply-helpers set size:12744 disposed:false
368 silly packumentCache full:https://registry.npmjs.org/call-bind-apply-helpers dispose
369 silly placeDep ROOT call-bind-apply-helpers@1.0.2 OK for: call-bound@1.0.4 want: ^1.0.2
370 silly placeDep ROOT function-bind@1.1.2 OK for: call-bind-apply-helpers@1.0.2 want: ^1.1.2
371 silly placeDep ROOT es-define-property@1.0.1 OK for: get-intrinsic@1.3.0 want: ^1.0.1
372 silly placeDep ROOT es-object-atoms@1.1.1 OK for: get-intrinsic@1.3.0 want: ^1.1.1
373 silly placeDep ROOT get-proto@1.0.1 OK for: get-intrinsic@1.3.0 want: ^1.0.1
374 silly placeDep ROOT gopd@1.2.0 OK for: get-intrinsic@1.3.0 want: ^1.2.0
375 silly placeDep ROOT has-symbols@1.1.0 OK for: get-intrinsic@1.3.0 want: ^1.1.0
376 silly placeDep ROOT hasown@2.0.3 OK for: get-intrinsic@1.3.0 want: ^2.0.2
377 silly placeDep ROOT math-intrinsics@1.1.0 OK for: get-intrinsic@1.3.0 want: ^1.1.0
378 silly fetch manifest dunder-proto@^1.0.1
379 silly packumentCache full:https://registry.npmjs.org/dunder-proto cache-miss
380 http cache https://registry.npmjs.org/dunder-proto 4ms (cache hit)
381 silly packumentCache full:https://registry.npmjs.org/dunder-proto set size:8256 disposed:false
382 silly placeDep ROOT dunder-proto@1.0.1 OK for: get-proto@1.0.1 want: ^1.0.1
383 silly placeDep ROOT media-typer@1.1.0 OK for: type-is@2.0.1 want: ^1.1.0
384 silly reify moves {}
385 silly audit bulk request {
385 silly audit   cors: [ '2.8.6' ],
385 silly audit   dotenv: [ '17.4.2' ],
385 silly audit   express: [ '5.2.1' ],
385 silly audit   'object-assign': [ '4.1.1' ],
385 silly audit   vary: [ '1.1.2' ],
385 silly audit   accepts: [ '2.0.0' ],
385 silly audit   'body-parser': [ '2.2.2' ],
385 silly audit   'content-disposition': [ '1.1.0' ],
385 silly audit   'content-type': [ '1.0.5' ],
385 silly audit   cookie: [ '0.7.2' ],
385 silly audit   'cookie-signature': [ '1.2.2' ],
385 silly audit   debug: [ '4.4.3' ],
385 silly audit   depd: [ '2.0.0' ],
385 silly audit   encodeurl: [ '2.0.0' ],
385 silly audit   'escape-html': [ '1.0.3' ],
385 silly audit   etag: [ '1.8.1' ],
385 silly audit   finalhandler: [ '2.1.1' ],
385 silly audit   fresh: [ '2.0.0' ],
385 silly audit   'http-errors': [ '2.0.1' ],
385 silly audit   'merge-descriptors': [ '2.0.0' ],
385 silly audit   'mime-types': [ '3.0.2' ],
385 silly audit   'on-finished': [ '2.4.1' ],
385 silly audit   once: [ '1.4.0' ],
385 silly audit   parseurl: [ '1.3.3' ],
385 silly audit   'proxy-addr': [ '2.0.7' ],
385 silly audit   qs: [ '6.15.1' ],
385 silly audit   'range-parser': [ '1.2.1' ],
385 silly audit   router: [ '2.2.0' ],
385 silly audit   send: [ '1.2.1' ],
385 silly audit   'serve-static': [ '2.2.1' ],
385 silly audit   statuses: [ '2.0.2' ],
385 silly audit   'type-is': [ '2.0.1' ],
385 silly audit   negotiator: [ '1.0.0' ],
385 silly audit   bytes: [ '3.1.2' ],
385 silly audit   'iconv-lite': [ '0.7.2' ],
385 silly audit   'raw-body': [ '3.0.2' ],
385 silly audit   ms: [ '2.1.3' ],
385 silly audit   inherits: [ '2.0.4' ],
385 silly audit   setprototypeof: [ '1.2.0' ],
385 silly audit   toidentifier: [ '1.0.1' ],
385 silly audit   'safer-buffer': [ '2.1.2' ],
385 silly audit   'mime-db': [ '1.54.0' ],
385 silly audit   'ee-first': [ '1.1.1' ],
385 silly audit   wrappy: [ '1.0.2' ],
385 silly audit   forwarded: [ '0.2.0' ],
385 silly audit   'ipaddr.js': [ '1.9.1' ],
385 silly audit   'side-channel': [ '1.1.0' ],
385 silly audit   unpipe: [ '1.0.0' ],
385 silly audit   'is-promise': [ '4.0.0' ],
385 silly audit   'path-to-regexp': [ '8.4.2' ],
385 silly audit   'es-errors': [ '1.3.0' ],
385 silly audit   'object-inspect': [ '1.13.4' ],
385 silly audit   'side-channel-list': [ '1.0.1' ],
385 silly audit   'side-channel-map': [ '1.0.1' ],
385 silly audit   'side-channel-weakmap': [ '1.0.2' ],
385 silly audit   'call-bound': [ '1.0.4' ],
385 silly audit   'get-intrinsic': [ '1.3.0' ],
385 silly audit   'call-bind-apply-helpers': [ '1.0.2' ],
385 silly audit   'function-bind': [ '1.1.2' ],
385 silly audit   'es-define-property': [ '1.0.1' ],
385 silly audit   'es-object-atoms': [ '1.1.1' ],
385 silly audit   'get-proto': [ '1.0.1' ],
385 silly audit   gopd: [ '1.2.0' ],
385 silly audit   'has-symbols': [ '1.1.0' ],
385 silly audit   hasown: [ '2.0.3' ],
385 silly audit   'math-intrinsics': [ '1.1.0' ],
385 silly audit   'dunder-proto': [ '1.0.1' ],
385 silly audit   'media-typer': [ '1.1.0' ]
385 silly audit }
386 http cache media-typer@https://registry.npmjs.org/media-typer/-/media-typer-1.1.0.tgz 0ms (cache hit)
387 http cache hasown@https://registry.npmjs.org/hasown/-/hasown-2.0.3.tgz 0ms (cache hit)
388 http cache has-symbols@https://registry.npmjs.org/has-symbols/-/has-symbols-1.1.0.tgz 0ms (cache hit)
389 http cache dunder-proto@https://registry.npmjs.org/dunder-proto/-/dunder-proto-1.0.1.tgz 0ms (cache hit)
390 http cache math-intrinsics@https://registry.npmjs.org/math-intrinsics/-/math-intrinsics-1.1.0.tgz 0ms (cache hit)
391 http cache gopd@https://registry.npmjs.org/gopd/-/gopd-1.2.0.tgz 0ms (cache hit)
392 http cache get-proto@https://registry.npmjs.org/get-proto/-/get-proto-1.0.1.tgz 0ms (cache hit)
393 http cache es-define-property@https://registry.npmjs.org/es-define-property/-/es-define-property-1.0.1.tgz 0ms (cache hit)
394 http cache es-object-atoms@https://registry.npmjs.org/es-object-atoms/-/es-object-atoms-1.1.1.tgz 0ms (cache hit)
395 http cache function-bind@https://registry.npmjs.org/function-bind/-/function-bind-1.1.2.tgz 0ms (cache hit)
396 http cache call-bind-apply-helpers@https://registry.npmjs.org/call-bind-apply-helpers/-/call-bind-apply-helpers-1.0.2.tgz 0ms (cache hit)
397 http cache get-intrinsic@https://registry.npmjs.org/get-intrinsic/-/get-intrinsic-1.3.0.tgz 0ms (cache hit)
398 http cache call-bound@https://registry.npmjs.org/call-bound/-/call-bound-1.0.4.tgz 0ms (cache hit)
399 http cache side-channel-weakmap@https://registry.npmjs.org/side-channel-weakmap/-/side-channel-weakmap-1.0.2.tgz 0ms (cache hit)
400 http cache side-channel-map@https://registry.npmjs.org/side-channel-map/-/side-channel-map-1.0.1.tgz 0ms (cache hit)
401 http cache side-channel-list@https://registry.npmjs.org/side-channel-list/-/side-channel-list-1.0.1.tgz 0ms (cache hit)
402 http cache object-inspect@https://registry.npmjs.org/object-inspect/-/object-inspect-1.13.4.tgz 0ms (cache hit)
403 http cache es-errors@https://registry.npmjs.org/es-errors/-/es-errors-1.3.0.tgz 0ms (cache hit)
404 http cache path-to-regexp@https://registry.npmjs.org/path-to-regexp/-/path-to-regexp-8.4.2.tgz 0ms (cache hit)
405 http cache is-promise@https://registry.npmjs.org/is-promise/-/is-promise-4.0.0.tgz 0ms (cache hit)
406 http cache unpipe@https://registry.npmjs.org/unpipe/-/unpipe-1.0.0.tgz 0ms (cache hit)
407 http cache side-channel@https://registry.npmjs.org/side-channel/-/side-channel-1.1.0.tgz 0ms (cache hit)
408 http cache ipaddr.js@https://registry.npmjs.org/ipaddr.js/-/ipaddr.js-1.9.1.tgz 0ms (cache hit)
409 http cache forwarded@https://registry.npmjs.org/forwarded/-/forwarded-0.2.0.tgz 0ms (cache hit)
410 http cache wrappy@https://registry.npmjs.org/wrappy/-/wrappy-1.0.2.tgz 0ms (cache hit)
411 http cache ee-first@https://registry.npmjs.org/ee-first/-/ee-first-1.1.1.tgz 0ms (cache hit)
412 http cache safer-buffer@https://registry.npmjs.org/safer-buffer/-/safer-buffer-2.1.2.tgz 0ms (cache hit)
413 http cache toidentifier@https://registry.npmjs.org/toidentifier/-/toidentifier-1.0.1.tgz 0ms (cache hit)
414 http cache setprototypeof@https://registry.npmjs.org/setprototypeof/-/setprototypeof-1.2.0.tgz 0ms (cache hit)
415 http cache inherits@https://registry.npmjs.org/inherits/-/inherits-2.0.4.tgz 0ms (cache hit)
416 http cache ms@https://registry.npmjs.org/ms/-/ms-2.1.3.tgz 0ms (cache hit)
417 http cache raw-body@https://registry.npmjs.org/raw-body/-/raw-body-3.0.2.tgz 0ms (cache hit)
418 http cache iconv-lite@https://registry.npmjs.org/iconv-lite/-/iconv-lite-0.7.2.tgz 0ms (cache hit)
419 http cache mime-db@https://registry.npmjs.org/mime-db/-/mime-db-1.54.0.tgz 0ms (cache hit)
420 http cache bytes@https://registry.npmjs.org/bytes/-/bytes-3.1.2.tgz 0ms (cache hit)
421 http cache negotiator@https://registry.npmjs.org/negotiator/-/negotiator-1.0.0.tgz 0ms (cache hit)
422 http cache type-is@https://registry.npmjs.org/type-is/-/type-is-2.0.1.tgz 0ms (cache hit)
423 http cache statuses@https://registry.npmjs.org/statuses/-/statuses-2.0.2.tgz 0ms (cache hit)
424 http cache serve-static@https://registry.npmjs.org/serve-static/-/serve-static-2.2.1.tgz 0ms (cache hit)
425 http cache router@https://registry.npmjs.org/router/-/router-2.2.0.tgz 0ms (cache hit)
426 http cache send@https://registry.npmjs.org/send/-/send-1.2.1.tgz 0ms (cache hit)
427 http cache range-parser@https://registry.npmjs.org/range-parser/-/range-parser-1.2.1.tgz 0ms (cache hit)
428 http cache qs@https://registry.npmjs.org/qs/-/qs-6.15.1.tgz 0ms (cache hit)
429 http cache parseurl@https://registry.npmjs.org/parseurl/-/parseurl-1.3.3.tgz 0ms (cache hit)
430 http cache once@https://registry.npmjs.org/once/-/once-1.4.0.tgz 0ms (cache hit)
431 http cache proxy-addr@https://registry.npmjs.org/proxy-addr/-/proxy-addr-2.0.7.tgz 0ms (cache hit)
432 http cache on-finished@https://registry.npmjs.org/on-finished/-/on-finished-2.4.1.tgz 0ms (cache hit)
433 http cache mime-types@https://registry.npmjs.org/mime-types/-/mime-types-3.0.2.tgz 0ms (cache hit)
434 http cache merge-descriptors@https://registry.npmjs.org/merge-descriptors/-/merge-descriptors-2.0.0.tgz 0ms (cache hit)
435 http cache http-errors@https://registry.npmjs.org/http-errors/-/http-errors-2.0.1.tgz 0ms (cache hit)
436 http cache fresh@https://registry.npmjs.org/fresh/-/fresh-2.0.0.tgz 0ms (cache hit)
437 http cache finalhandler@https://registry.npmjs.org/finalhandler/-/finalhandler-2.1.1.tgz 0ms (cache hit)
438 http cache etag@https://registry.npmjs.org/etag/-/etag-1.8.1.tgz 0ms (cache hit)
439 http cache escape-html@https://registry.npmjs.org/escape-html/-/escape-html-1.0.3.tgz 0ms (cache hit)
440 http cache encodeurl@https://registry.npmjs.org/encodeurl/-/encodeurl-2.0.0.tgz 0ms (cache hit)
441 http cache depd@https://registry.npmjs.org/depd/-/depd-2.0.0.tgz 0ms (cache hit)
442 http cache debug@https://registry.npmjs.org/debug/-/debug-4.4.3.tgz 0ms (cache hit)
443 http cache cookie-signature@https://registry.npmjs.org/cookie-signature/-/cookie-signature-1.2.2.tgz 0ms (cache hit)
444 http cache cookie@https://registry.npmjs.org/cookie/-/cookie-0.7.2.tgz 0ms (cache hit)
445 http cache content-type@https://registry.npmjs.org/content-type/-/content-type-1.0.5.tgz 0ms (cache hit)
446 http cache content-disposition@https://registry.npmjs.org/content-disposition/-/content-disposition-1.1.0.tgz 0ms (cache hit)
447 http cache body-parser@https://registry.npmjs.org/body-parser/-/body-parser-2.2.2.tgz 0ms (cache hit)
448 http cache accepts@https://registry.npmjs.org/accepts/-/accepts-2.0.0.tgz 0ms (cache hit)
449 http cache vary@https://registry.npmjs.org/vary/-/vary-1.1.2.tgz 0ms (cache hit)
450 http cache express@https://registry.npmjs.org/express/-/express-5.2.1.tgz 0ms (cache hit)
451 http cache object-assign@https://registry.npmjs.org/object-assign/-/object-assign-4.1.1.tgz 0ms (cache hit)
452 http cache dotenv@https://registry.npmjs.org/dotenv/-/dotenv-17.4.2.tgz 0ms (cache hit)
453 http cache cors@https://registry.npmjs.org/cors/-/cors-2.8.6.tgz 0ms (cache hit)
454 http fetch POST 200 https://registry.npmjs.org/-/npm/v1/security/advisories/bulk 300ms
455 silly audit report {}
456 silly ADD node_modules/media-typer
457 silly ADD node_modules/dunder-proto
458 silly ADD node_modules/math-intrinsics
459 silly ADD node_modules/hasown
460 silly ADD node_modules/has-symbols
461 silly ADD node_modules/gopd
462 silly ADD node_modules/get-proto
463 silly ADD node_modules/es-object-atoms
464 silly ADD node_modules/es-define-property
465 silly ADD node_modules/function-bind
466 silly ADD node_modules/call-bind-apply-helpers
467 silly ADD node_modules/get-intrinsic
468 silly ADD node_modules/call-bound
469 silly ADD node_modules/side-channel-weakmap
470 silly ADD node_modules/side-channel-map
471 silly ADD node_modules/side-channel-list
472 silly ADD node_modules/object-inspect
473 silly ADD node_modules/es-errors
474 silly ADD node_modules/path-to-regexp
475 silly ADD node_modules/is-promise
476 silly ADD node_modules/unpipe
477 silly ADD node_modules/side-channel
478 silly ADD node_modules/ipaddr.js
479 silly ADD node_modules/forwarded
480 silly ADD node_modules/wrappy
481 silly ADD node_modules/ee-first
482 silly ADD node_modules/mime-db
483 silly ADD node_modules/safer-buffer
484 silly ADD node_modules/toidentifier
485 silly ADD node_modules/setprototypeof
486 silly ADD node_modules/inherits
487 silly ADD node_modules/ms
488 silly ADD node_modules/raw-body
489 silly ADD node_modules/iconv-lite
490 silly ADD node_modules/bytes
491 silly ADD node_modules/negotiator
492 silly ADD node_modules/type-is
493 silly ADD node_modules/statuses
494 silly ADD node_modules/serve-static
495 silly ADD node_modules/send
496 silly ADD node_modules/router
497 silly ADD node_modules/range-parser
498 silly ADD node_modules/qs
499 silly ADD node_modules/proxy-addr
500 silly ADD node_modules/parseurl
501 silly ADD node_modules/once
502 silly ADD node_modules/on-finished
503 silly ADD node_modules/mime-types
504 silly ADD node_modules/merge-descriptors
505 silly ADD node_modules/http-errors
506 silly ADD node_modules/fresh
507 silly ADD node_modules/finalhandler
508 silly ADD node_modules/etag
509 silly ADD node_modules/escape-html
510 silly ADD node_modules/encodeurl
511 silly ADD node_modules/depd
512 silly ADD node_modules/debug
513 silly ADD node_modules/cookie-signature
514 silly ADD node_modules/cookie
515 silly ADD node_modules/content-type
516 silly ADD node_modules/content-disposition
517 silly ADD node_modules/body-parser
518 silly ADD node_modules/accepts
519 silly ADD node_modules/vary
520 silly ADD node_modules/object-assign
521 silly ADD node_modules/express
522 silly ADD node_modules/dotenv
523 silly ADD node_modules/cors
524 verbose cwd /data/data/com.termux/files/home/dojj-api
525 verbose os Linux 6.1.138-android14-11
526 verbose node v25.8.2
527 verbose npm  v11.14.1
528 verbose exit 0
529 info ok
