0 verbose cli /data/data/com.termux/files/usr/bin/node /data/data/com.termux/files/usr/bin/npm
1 info using npm@11.14.1
2 info using node@v25.8.2
3 silly config load:file:/data/data/com.termux/files/usr/lib/node_modules/npm/npmrc
4 silly config load:file:/data/data/com.termux/files/home/dojj-api/.npmrc
5 silly config load:file:/data/data/com.termux/files/home/.npmrc
6 silly config load:file:/data/data/com.termux/files/usr/etc/npmrc
7 verbose title npm init
8 verbose argv "init" "--yes"
9 verbose logfile logs-max:10 dir:/data/data/com.termux/files/home/.npm/_logs/2026-05-12T14_42_18_966Z-
10 verbose logfile /data/data/com.termux/files/home/.npm/_logs/2026-05-12T14_42_18_966Z-debug-0.log
11 silly logfile done cleaning log files
12 silly package data {
12 silly package data   name: 'dojj-api',
12 silly package data   version: '1.0.0',
12 silly package data   description: '',
12 silly package data   main: 'index.js',
12 silly package data   scripts: {
12 silly package data     test: 'echo "Error: no test specified" && exit 1',
12 silly package data     start: 'node server.js'
12 silly package data   },
12 silly package data   keywords: [],
12 silly package data   author: '',
12 silly package data   license: 'ISC',
12 silly package data   type: 'commonjs',
12 silly package data   dependencies: { cors: '^2.8.6', dotenv: '^17.4.2', express: '^5.2.1' },
12 silly package data   devDependencies: {},
12 silly package data   Symbol(newline): '\n',
12 silly package data   Symbol(indent): '  '
12 silly package data }
13 verbose cwd /data/data/com.termux/files/home/dojj-api
14 verbose os Linux 6.1.138-android14-11
15 verbose node v25.8.2
16 verbose npm  v11.14.1
17 verbose exit 0
18 info ok
