0 verbose cli /data/data/com.termux/files/usr/bin/node /data/data/com.termux/files/usr/bin/npm
1 info using npm@11.14.1
2 info using node@v25.8.2
3 silly config load:file:/data/data/com.termux/files/usr/lib/node_modules/npm/npmrc
4 silly config load:file:/data/data/com.termux/files/home/.npmrc
5 silly config load:file:/data/data/com.termux/files/usr/etc/npmrc
6 verbose title npm install express cors dotenv
7 verbose argv "install" "express" "cors" "dotenv"
8 verbose logfile logs-max:10 dir:/data/data/com.termux/files/home/.npm/_logs/2026-05-12T14_30_00_340Z-
9 verbose logfile /data/data/com.termux/files/home/.npm/_logs/2026-05-12T14_30_00_340Z-debug-0.log
10 silly logfile done cleaning log files
11 silly packumentCache heap:1174405120 maxSize:293601280 maxEntrySize:146800640
12 silly idealTree buildDeps
13 silly fetch manifest express@*
14 silly packumentCache full:https://registry.npmjs.org/express cache-miss
15 http fetch GET 200 https://registry.npmjs.org/express 302ms (cache miss)
16 silly packumentCache full:https://registry.npmjs.org/express set size:undefined disposed:false
17 silly fetch manifest cors@*
18 silly packumentCache full:https://registry.npmjs.org/cors cache-miss
19 http fetch GET 200 https://registry.npmjs.org/npm 444ms
20 http fetch GET 200 https://registry.npmjs.org/cors 131ms (cache miss)
21 silly packumentCache full:https://registry.npmjs.org/cors set size:undefined disposed:false
22 silly fetch manifest dotenv@*
23 silly packumentCache full:https://registry.npmjs.org/dotenv cache-miss
24 http fetch GET 200 https://registry.npmjs.org/dotenv 85ms (cache miss)
25 silly packumentCache full:https://registry.npmjs.org/dotenv set size:undefined disposed:false
26 silly placeDep ROOT cors@2.8.6 OK for:  want: *
27 silly placeDep ROOT dotenv@17.4.2 OK for:  want: *
28 silly placeDep ROOT express@5.2.1 OK for:  want: *
29 silly fetch manifest object-assign@^4
30 silly packumentCache full:https://registry.npmjs.org/object-assign cache-miss
31 silly fetch manifest vary@^1
32 silly packumentCache full:https://registry.npmjs.org/vary cache-miss
33 silly fetch manifest qs@^6.14.0
34 silly packumentCache full:https://registry.npmjs.org/qs cache-miss
35 silly fetch manifest depd@^2.0.0
36 silly packumentCache full:https://registry.npmjs.org/depd cache-miss
37 silly fetch manifest etag@^1.8.1
38 silly packumentCache full:https://registry.npmjs.org/etag cache-miss
39 silly fetch manifest once@^1.4.0
40 silly packumentCache full:https://registry.npmjs.org/once cache-miss
41 silly fetch manifest send@^1.1.0
42 silly packumentCache full:https://registry.npmjs.org/send cache-miss
43 silly fetch manifest vary@^1.1.2
44 silly packumentCache full:https://registry.npmjs.org/vary cache-miss
45 silly fetch manifest debug@^4.4.0
46 silly packumentCache full:https://registry.npmjs.org/debug cache-miss
47 http fetch GET 200 https://registry.npmjs.org/object-assign 61ms (cache miss)
48 silly packumentCache full:https://registry.npmjs.org/object-assign set size:undefined disposed:false
49 silly fetch manifest fresh@^2.0.0
50 silly packumentCache full:https://registry.npmjs.org/fresh cache-miss
51 http fetch GET 200 https://registry.npmjs.org/vary 89ms (cache miss)
52 silly packumentCache full:https://registry.npmjs.org/vary set size:undefined disposed:false
53 silly fetch manifest cookie@^0.7.1
54 silly packumentCache full:https://registry.npmjs.org/cookie cache-miss
55 http fetch GET 200 https://registry.npmjs.org/fresh 71ms (cache miss)
56 silly packumentCache full:https://registry.npmjs.org/fresh set size:undefined disposed:false
57 silly fetch manifest router@^2.2.0
58 silly packumentCache full:https://registry.npmjs.org/router cache-miss
59 http fetch GET 200 https://registry.npmjs.org/cookie 75ms (cache miss)
60 silly packumentCache full:https://registry.npmjs.org/cookie set size:undefined disposed:false
61 silly fetch manifest accepts@^2.0.0
62 silly packumentCache full:https://registry.npmjs.org/accepts cache-miss
63 http fetch GET 200 https://registry.npmjs.org/vary 176ms (cache miss)
64 silly packumentCache full:https://registry.npmjs.org/vary set size:undefined disposed:false
65 silly fetch manifest type-is@^2.0.1
66 silly packumentCache full:https://registry.npmjs.org/type-is cache-miss
67 http fetch GET 200 https://registry.npmjs.org/etag 205ms (cache miss)
68 silly packumentCache full:https://registry.npmjs.org/etag set size:undefined disposed:false
69 silly fetch manifest parseurl@^1.3.3
70 silly packumentCache full:https://registry.npmjs.org/parseurl cache-miss
71 http fetch GET 200 https://registry.npmjs.org/router 75ms (cache miss)
72 silly packumentCache full:https://registry.npmjs.org/router set size:undefined disposed:false
73 silly fetch manifest statuses@^2.0.1
74 silly packumentCache full:https://registry.npmjs.org/statuses cache-miss
75 http fetch GET 200 https://registry.npmjs.org/depd 218ms (cache miss)
76 silly packumentCache full:https://registry.npmjs.org/depd set size:undefined disposed:false
77 silly fetch manifest encodeurl@^2.0.0
78 silly packumentCache full:https://registry.npmjs.org/encodeurl cache-miss
79 http fetch GET 200 https://registry.npmjs.org/once 221ms (cache miss)
80 silly packumentCache full:https://registry.npmjs.org/once set size:undefined disposed:false
81 silly fetch manifest mime-types@^3.0.0
82 silly packumentCache full:https://registry.npmjs.org/mime-types cache-miss
83 http fetch GET 200 https://registry.npmjs.org/qs 231ms (cache miss)
84 silly packumentCache full:https://registry.npmjs.org/qs set size:undefined disposed:false
85 silly fetch manifest proxy-addr@^2.0.7
86 silly packumentCache full:https://registry.npmjs.org/proxy-addr cache-miss
87 http fetch GET 200 https://registry.npmjs.org/debug 241ms (cache miss)
88 silly packumentCache full:https://registry.npmjs.org/debug set size:undefined disposed:false
89 silly fetch manifest body-parser@^2.2.1
90 silly packumentCache full:https://registry.npmjs.org/body-parser cache-miss
91 http fetch GET 200 https://registry.npmjs.org/type-is 69ms (cache miss)
92 silly packumentCache full:https://registry.npmjs.org/type-is set size:undefined disposed:false
93 silly fetch manifest escape-html@^1.0.3
94 silly packumentCache full:https://registry.npmjs.org/escape-html cache-miss
95 http fetch GET 200 https://registry.npmjs.org/accepts 93ms (cache miss)
96 silly packumentCache full:https://registry.npmjs.org/accepts set size:undefined disposed:false
97 silly fetch manifest http-errors@^2.0.0
98 silly packumentCache full:https://registry.npmjs.org/http-errors cache-miss
99 http fetch GET 200 https://registry.npmjs.org/send 267ms (cache miss)
100 silly packumentCache full:https://registry.npmjs.org/send set size:undefined disposed:false
101 silly fetch manifest on-finished@^2.4.1
102 silly packumentCache full:https://registry.npmjs.org/on-finished cache-miss
103 http fetch GET 200 https://registry.npmjs.org/statuses 61ms (cache miss)
104 silly packumentCache full:https://registry.npmjs.org/statuses set size:undefined disposed:false
105 silly fetch manifest content-type@^1.0.5
106 silly packumentCache full:https://registry.npmjs.org/content-type cache-miss
107 http fetch GET 200 https://registry.npmjs.org/encodeurl 60ms (cache miss)
108 silly packumentCache full:https://registry.npmjs.org/encodeurl set size:undefined disposed:false
109 silly fetch manifest finalhandler@^2.1.0
110 silly packumentCache full:https://registry.npmjs.org/finalhandler cache-miss
111 http fetch GET 200 https://registry.npmjs.org/proxy-addr 52ms (cache miss)
112 silly packumentCache full:https://registry.npmjs.org/proxy-addr set size:undefined disposed:false
113 silly fetch manifest range-parser@^1.2.1
114 silly packumentCache full:https://registry.npmjs.org/range-parser cache-miss
115 http fetch GET 200 https://registry.npmjs.org/parseurl 85ms (cache miss)
116 silly packumentCache full:https://registry.npmjs.org/parseurl set size:undefined disposed:false
117 silly fetch manifest serve-static@^2.2.0
118 silly packumentCache full:https://registry.npmjs.org/serve-static cache-miss
119 http fetch GET 200 https://registry.npmjs.org/escape-html 48ms (cache miss)
120 silly packumentCache full:https://registry.npmjs.org/escape-html set size:undefined disposed:false
121 silly fetch manifest cookie-signature@^1.2.1
122 silly packumentCache full:https://registry.npmjs.org/cookie-signature cache-miss
123 http fetch GET 200 https://registry.npmjs.org/mime-types 81ms (cache miss)
124 silly packumentCache full:https://registry.npmjs.org/mime-types set size:undefined disposed:false
125 silly fetch manifest merge-descriptors@^2.0.0
126 silly packumentCache full:https://registry.npmjs.org/merge-descriptors cache-miss
127 http fetch GET 200 https://registry.npmjs.org/content-type 57ms (cache miss)
128 silly packumentCache full:https://registry.npmjs.org/content-type set size:undefined disposed:false
129 silly fetch manifest content-disposition@^1.0.0
130 silly packumentCache full:https://registry.npmjs.org/content-disposition cache-miss
131 http fetch GET 200 https://registry.npmjs.org/body-parser 107ms (cache miss)
132 silly packumentCache full:https://registry.npmjs.org/body-parser set size:undefined disposed:false
133 http fetch GET 200 https://registry.npmjs.org/http-errors 101ms (cache miss)
134 silly packumentCache full:https://registry.npmjs.org/http-errors set size:undefined disposed:false
135 http fetch GET 200 https://registry.npmjs.org/finalhandler 89ms (cache miss)
136 silly packumentCache full:https://registry.npmjs.org/finalhandler set size:undefined disposed:false
137 http fetch GET 200 https://registry.npmjs.org/on-finished 103ms (cache miss)
138 silly packumentCache full:https://registry.npmjs.org/on-finished set size:undefined disposed:false
139 http fetch GET 200 https://registry.npmjs.org/range-parser 87ms (cache miss)
140 silly packumentCache full:https://registry.npmjs.org/range-parser set size:undefined disposed:false
141 http fetch GET 200 https://registry.npmjs.org/cookie-signature 77ms (cache miss)
142 silly packumentCache full:https://registry.npmjs.org/cookie-signature set size:undefined disposed:false
143 http fetch GET 200 https://registry.npmjs.org/merge-descriptors 71ms (cache miss)
144 silly packumentCache full:https://registry.npmjs.org/merge-descriptors set size:undefined disposed:false
145 http fetch GET 200 https://registry.npmjs.org/serve-static 88ms (cache miss)
146 silly packumentCache full:https://registry.npmjs.org/serve-static set size:undefined disposed:false
147 http fetch GET 200 https://registry.npmjs.org/content-disposition 58ms (cache miss)
148 silly packumentCache full:https://registry.npmjs.org/content-disposition set size:undefined disposed:false
149 silly placeDep ROOT object-assign@4.1.1 OK for: cors@2.8.6 want: ^4
150 silly placeDep ROOT vary@1.1.2 OK for: cors@2.8.6 want: ^1
151 silly placeDep ROOT accepts@2.0.0 OK for: express@5.2.1 want: ^2.0.0
152 silly placeDep ROOT body-parser@2.2.2 OK for: express@5.2.1 want: ^2.2.1
153 silly placeDep ROOT content-disposition@1.1.0 OK for: express@5.2.1 want: ^1.0.0
154 silly placeDep ROOT content-type@1.0.5 OK for: express@5.2.1 want: ^1.0.5
155 silly placeDep ROOT cookie@0.7.2 OK for: express@5.2.1 want: ^0.7.1
156 silly placeDep ROOT cookie-signature@1.2.2 OK for: express@5.2.1 want: ^1.2.1
157 silly placeDep ROOT debug@4.4.3 OK for: express@5.2.1 want: ^4.4.0
158 silly placeDep ROOT depd@2.0.0 OK for: express@5.2.1 want: ^2.0.0
159 silly placeDep ROOT encodeurl@2.0.0 OK for: express@5.2.1 want: ^2.0.0
160 silly placeDep ROOT escape-html@1.0.3 OK for: express@5.2.1 want: ^1.0.3
161 silly placeDep ROOT etag@1.8.1 OK for: express@5.2.1 want: ^1.8.1
162 silly placeDep ROOT finalhandler@2.1.1 OK for: express@5.2.1 want: ^2.1.0
163 silly placeDep ROOT fresh@2.0.0 OK for: express@5.2.1 want: ^2.0.0
164 silly placeDep ROOT http-errors@2.0.1 OK for: express@5.2.1 want: ^2.0.0
165 silly placeDep ROOT merge-descriptors@2.0.0 OK for: express@5.2.1 want: ^2.0.0
166 silly placeDep ROOT mime-types@3.0.2 OK for: express@5.2.1 want: ^3.0.0
167 silly placeDep ROOT on-finished@2.4.1 OK for: express@5.2.1 want: ^2.4.1
168 silly placeDep ROOT once@1.4.0 OK for: express@5.2.1 want: ^1.4.0
169 silly placeDep ROOT parseurl@1.3.3 OK for: express@5.2.1 want: ^1.3.3
170 silly placeDep ROOT proxy-addr@2.0.7 OK for: express@5.2.1 want: ^2.0.7
171 silly placeDep ROOT qs@6.15.1 OK for: express@5.2.1 want: ^6.14.0
172 silly placeDep ROOT range-parser@1.2.1 OK for: express@5.2.1 want: ^1.2.1
173 silly placeDep ROOT router@2.2.0 OK for: express@5.2.1 want: ^2.2.0
174 silly placeDep ROOT send@1.2.1 OK for: express@5.2.1 want: ^1.1.0
175 silly placeDep ROOT serve-static@2.2.1 OK for: express@5.2.1 want: ^2.2.0
176 silly placeDep ROOT statuses@2.0.2 OK for: express@5.2.1 want: ^2.0.1
177 silly placeDep ROOT type-is@2.0.1 OK for: express@5.2.1 want: ^2.0.1
178 silly fetch manifest negotiator@^1.0.0
179 silly packumentCache full:https://registry.npmjs.org/negotiator cache-miss
180 silly fetch manifest qs@^6.14.1
181 silly packumentCache full:https://registry.npmjs.org/qs cache-miss
182 silly fetch manifest bytes@^3.1.2
183 silly packumentCache full:https://registry.npmjs.org/bytes cache-miss
184 silly fetch manifest debug@^4.4.3
185 silly packumentCache full:https://registry.npmjs.org/debug cache-miss
186 silly fetch manifest raw-body@^3.0.1
187 silly packumentCache full:https://registry.npmjs.org/raw-body cache-miss
188 silly fetch manifest iconv-lite@^0.7.0
189 silly packumentCache full:https://registry.npmjs.org/iconv-lite cache-miss
190 silly fetch manifest ms@^2.1.3
191 silly packumentCache full:https://registry.npmjs.org/ms cache-miss
192 silly fetch manifest inherits@~2.0.4
193 silly packumentCache full:https://registry.npmjs.org/inherits cache-miss
194 silly fetch manifest setprototypeof@~1.2.0
195 silly packumentCache full:https://registry.npmjs.org/setprototypeof cache-miss
196 http cache https://registry.npmjs.org/debug 15ms (cache hit)
197 silly packumentCache full:https://registry.npmjs.org/debug set size:195840 disposed:false
198 silly fetch manifest statuses@~2.0.2
199 silly packumentCache full:https://registry.npmjs.org/statuses cache-miss
200 http cache https://registry.npmjs.org/qs 19ms (cache hit)
201 silly packumentCache full:https://registry.npmjs.org/qs set size:353582 disposed:false
202 silly fetch manifest toidentifier@~1.0.1
203 silly packumentCache full:https://registry.npmjs.org/toidentifier cache-miss
204 http cache https://registry.npmjs.org/statuses 9ms (cache hit)
205 silly packumentCache full:https://registry.npmjs.org/statuses set size:37117 disposed:false
206 silly fetch manifest mime-db@^1.54.0
207 silly packumentCache full:https://registry.npmjs.org/mime-db cache-miss
208 http fetch GET 200 https://registry.npmjs.org/negotiator 79ms (cache miss)
209 silly packumentCache full:https://registry.npmjs.org/negotiator set size:undefined disposed:false
210 silly fetch manifest ee-first@1.1.1
211 silly packumentCache full:https://registry.npmjs.org/ee-first cache-miss
212 http fetch GET 200 https://registry.npmjs.org/raw-body 91ms (cache miss)
213 silly packumentCache full:https://registry.npmjs.org/raw-body set size:undefined disposed:false
214 silly fetch manifest wrappy@1
215 silly packumentCache full:https://registry.npmjs.org/wrappy cache-miss
216 http fetch GET 200 https://registry.npmjs.org/ms 92ms (cache miss)
217 silly packumentCache full:https://registry.npmjs.org/ms set size:undefined disposed:false
218 silly fetch manifest forwarded@0.2.0
219 silly packumentCache full:https://registry.npmjs.org/forwarded cache-miss
220 http fetch GET 200 https://registry.npmjs.org/iconv-lite 95ms (cache miss)
221 silly packumentCache full:https://registry.npmjs.org/iconv-lite set size:undefined disposed:false
222 silly fetch manifest ipaddr.js@1.9.1
223 silly packumentCache full:https://registry.npmjs.org/ipaddr.js cache-miss
224 http fetch GET 200 https://registry.npmjs.org/setprototypeof 98ms (cache miss)
225 silly packumentCache full:https://registry.npmjs.org/setprototypeof set size:undefined disposed:false
226 silly fetch manifest side-channel@^1.1.0
227 silly packumentCache full:https://registry.npmjs.org/side-channel cache-miss
228 http fetch GET 200 https://registry.npmjs.org/bytes 103ms (cache miss)
229 silly packumentCache full:https://registry.npmjs.org/bytes set size:undefined disposed:false
230 silly fetch manifest is-promise@^4.0.0
231 silly packumentCache full:https://registry.npmjs.org/is-promise cache-miss
232 http fetch GET 200 https://registry.npmjs.org/mime-db 79ms (cache miss)
233 silly packumentCache full:https://registry.npmjs.org/mime-db set size:undefined disposed:false
234 silly fetch manifest path-to-regexp@^8.0.0
235 silly packumentCache full:https://registry.npmjs.org/path-to-regexp cache-miss
236 http fetch GET 200 https://registry.npmjs.org/toidentifier 87ms (cache miss)
237 silly packumentCache full:https://registry.npmjs.org/toidentifier set size:undefined disposed:false
238 silly fetch manifest statuses@^2.0.2
239 silly packumentCache full:https://registry.npmjs.org/statuses cache-hit
240 silly fetch manifest media-typer@^1.1.0
241 silly packumentCache full:https://registry.npmjs.org/media-typer cache-miss
242 http fetch GET 200 https://registry.npmjs.org/inherits 121ms (cache miss)
243 silly packumentCache full:https://registry.npmjs.org/inherits set size:undefined disposed:false
244 http fetch GET 200 https://registry.npmjs.org/wrappy 72ms (cache miss)
245 silly packumentCache full:https://registry.npmjs.org/wrappy set size:undefined disposed:false
246 http fetch GET 200 https://registry.npmjs.org/forwarded 74ms (cache miss)
247 silly packumentCache full:https://registry.npmjs.org/forwarded set size:undefined disposed:false
248 http fetch GET 200 https://registry.npmjs.org/ee-first 91ms (cache miss)
249 silly packumentCache full:https://registry.npmjs.org/ee-first set size:undefined disposed:false
250 http fetch GET 200 https://registry.npmjs.org/ipaddr.js 82ms (cache miss)
251 silly packumentCache full:https://registry.npmjs.org/ipaddr.js set size:undefined disposed:false
252 http fetch GET 200 https://registry.npmjs.org/path-to-regexp 73ms (cache miss)
253 silly packumentCache full:https://registry.npmjs.org/path-to-regexp set size:undefined disposed:false
254 http fetch GET 200 https://registry.npmjs.org/is-promise 82ms (cache miss)
255 silly packumentCache full:https://registry.npmjs.org/is-promise set size:undefined disposed:false
256 http fetch GET 200 https://registry.npmjs.org/side-channel 89ms (cache miss)
257 silly packumentCache full:https://registry.npmjs.org/side-channel set size:undefined disposed:false
258 http fetch GET 200 https://registry.npmjs.org/media-typer 82ms (cache miss)
259 silly packumentCache full:https://registry.npmjs.org/media-typer set size:undefined disposed:false
260 silly placeDep ROOT negotiator@1.0.0 OK for: accepts@2.0.0 want: ^1.0.0
261 silly placeDep ROOT bytes@3.1.2 OK for: body-parser@2.2.2 want: ^3.1.2
262 silly placeDep ROOT iconv-lite@0.7.2 OK for: body-parser@2.2.2 want: ^0.7.0
263 silly placeDep ROOT raw-body@3.0.2 OK for: body-parser@2.2.2 want: ^3.0.1
264 silly fetch manifest safer-buffer@>= 2.1.2 < 3.0.0
265 silly packumentCache full:https://registry.npmjs.org/safer-buffer cache-miss
266 silly fetch manifest unpipe@~1.0.0
267 silly packumentCache full:https://registry.npmjs.org/unpipe cache-miss
268 http fetch GET 200 https://registry.npmjs.org/unpipe 62ms (cache miss)
269 silly packumentCache full:https://registry.npmjs.org/unpipe set size:undefined disposed:false
270 http fetch GET 200 https://registry.npmjs.org/safer-buffer 142ms (cache miss)
271 silly packumentCache full:https://registry.npmjs.org/safer-buffer set size:undefined disposed:false
272 silly placeDep ROOT ms@2.1.3 OK for: debug@4.4.3 want: ^2.1.3
273 silly placeDep ROOT inherits@2.0.4 OK for: http-errors@2.0.1 want: ~2.0.4
274 silly placeDep ROOT setprototypeof@1.2.0 OK for: http-errors@2.0.1 want: ~1.2.0
275 silly placeDep ROOT toidentifier@1.0.1 OK for: http-errors@2.0.1 want: ~1.0.1
276 silly placeDep ROOT safer-buffer@2.1.2 OK for: iconv-lite@0.7.2 want: >= 2.1.2 < 3.0.0
277 silly placeDep ROOT mime-db@1.54.0 OK for: mime-types@3.0.2 want: ^1.54.0
278 silly placeDep ROOT ee-first@1.1.1 OK for: on-finished@2.4.1 want: 1.1.1
279 silly placeDep ROOT wrappy@1.0.2 OK for: once@1.4.0 want: 1
280 silly placeDep ROOT forwarded@0.2.0 OK for: proxy-addr@2.0.7 want: 0.2.0
281 silly placeDep ROOT ipaddr.js@1.9.1 OK for: proxy-addr@2.0.7 want: 1.9.1
282 silly placeDep ROOT side-channel@1.1.0 OK for: qs@6.15.1 want: ^1.1.0
283 silly fetch manifest es-errors@^1.3.0
284 silly packumentCache full:https://registry.npmjs.org/es-errors cache-miss
285 silly fetch manifest object-inspect@^1.13.3
286 silly packumentCache full:https://registry.npmjs.org/object-inspect cache-miss
287 silly fetch manifest side-channel-list@^1.0.0
288 silly packumentCache full:https://registry.npmjs.org/side-channel-list cache-miss
289 silly fetch manifest side-channel-map@^1.0.1
290 silly packumentCache full:https://registry.npmjs.org/side-channel-map cache-miss
291 silly fetch manifest side-channel-weakmap@^1.0.2
292 silly packumentCache full:https://registry.npmjs.org/side-channel-weakmap cache-miss
293 http fetch GET 200 https://registry.npmjs.org/es-errors 50ms (cache miss)
294 silly packumentCache full:https://registry.npmjs.org/es-errors set size:undefined disposed:false
295 http fetch GET 200 https://registry.npmjs.org/side-channel-list 63ms (cache miss)
296 silly packumentCache full:https://registry.npmjs.org/side-channel-list set size:undefined disposed:false
297 http fetch GET 200 https://registry.npmjs.org/object-inspect 64ms (cache miss)
298 silly packumentCache full:https://registry.npmjs.org/object-inspect set size:undefined disposed:false
299 http fetch GET 200 https://registry.npmjs.org/side-channel-map 84ms (cache miss)
300 silly packumentCache full:https://registry.npmjs.org/side-channel-map set size:undefined disposed:false
301 http fetch GET 200 https://registry.npmjs.org/side-channel-weakmap 85ms (cache miss)
302 silly packumentCache full:https://registry.npmjs.org/side-channel-weakmap set size:undefined disposed:false
303 silly placeDep ROOT unpipe@1.0.0 OK for: raw-body@3.0.2 want: ~1.0.0
304 silly placeDep ROOT is-promise@4.0.0 OK for: router@2.2.0 want: ^4.0.0
305 silly placeDep ROOT path-to-regexp@8.4.2 OK for: router@2.2.0 want: ^8.0.0
306 silly placeDep ROOT es-errors@1.3.0 OK for: side-channel@1.1.0 want: ^1.3.0
307 silly placeDep ROOT object-inspect@1.13.4 OK for: side-channel@1.1.0 want: ^1.13.3
308 silly placeDep ROOT side-channel-list@1.0.1 OK for: side-channel@1.1.0 want: ^1.0.0
309 silly placeDep ROOT side-channel-map@1.0.1 OK for: side-channel@1.1.0 want: ^1.0.1
310 silly placeDep ROOT side-channel-weakmap@1.0.2 OK for: side-channel@1.1.0 want: ^1.0.2
311 silly fetch manifest call-bound@^1.0.2
312 silly packumentCache full:https://registry.npmjs.org/call-bound cache-miss
313 silly fetch manifest get-intrinsic@^1.2.5
314 silly packumentCache full:https://registry.npmjs.org/get-intrinsic cache-miss
315 silly fetch manifest call-bound@^1.0.2
316 silly packumentCache full:https://registry.npmjs.org/call-bound cache-miss
317 silly fetch manifest get-intrinsic@^1.2.5
318 silly packumentCache full:https://registry.npmjs.org/get-intrinsic cache-miss
319 http fetch GET 200 https://registry.npmjs.org/call-bound 74ms (cache miss)
320 silly packumentCache full:https://registry.npmjs.org/call-bound set size:undefined disposed:false
321 http fetch GET 200 https://registry.npmjs.org/call-bound 79ms (cache miss)
322 silly packumentCache full:https://registry.npmjs.org/call-bound set size:undefined disposed:false
323 http fetch GET 200 https://registry.npmjs.org/get-intrinsic 82ms (cache miss)
324 silly packumentCache full:https://registry.npmjs.org/get-intrinsic set size:undefined disposed:false
325 http fetch GET 200 https://registry.npmjs.org/get-intrinsic 85ms (cache miss)
326 silly packumentCache full:https://registry.npmjs.org/get-intrinsic set size:undefined disposed:false
327 silly placeDep ROOT call-bound@1.0.4 OK for: side-channel-map@1.0.1 want: ^1.0.2
328 silly placeDep ROOT get-intrinsic@1.3.0 OK for: side-channel-map@1.0.1 want: ^1.2.5
329 silly fetch manifest call-bind-apply-helpers@^1.0.2
330 silly packumentCache full:https://registry.npmjs.org/call-bind-apply-helpers cache-miss
331 silly fetch manifest get-intrinsic@^1.3.0
332 silly packumentCache full:https://registry.npmjs.org/get-intrinsic cache-miss
333 silly fetch manifest gopd@^1.2.0
334 silly packumentCache full:https://registry.npmjs.org/gopd cache-miss
335 silly fetch manifest hasown@^2.0.2
336 silly packumentCache full:https://registry.npmjs.org/hasown cache-miss
337 silly fetch manifest get-proto@^1.0.1
338 silly packumentCache full:https://registry.npmjs.org/get-proto cache-miss
339 silly fetch manifest has-symbols@^1.1.0
340 silly packumentCache full:https://registry.npmjs.org/has-symbols cache-miss
341 silly fetch manifest function-bind@^1.1.2
342 silly packumentCache full:https://registry.npmjs.org/function-bind cache-miss
343 silly fetch manifest es-object-atoms@^1.1.1
344 silly packumentCache full:https://registry.npmjs.org/es-object-atoms cache-miss
345 silly fetch manifest math-intrinsics@^1.1.0
346 silly packumentCache full:https://registry.npmjs.org/math-intrinsics cache-miss
347 http cache https://registry.npmjs.org/get-intrinsic 17ms (cache hit)
348 silly packumentCache full:https://registry.npmjs.org/get-intrinsic set size:60985 disposed:false
349 silly fetch manifest es-define-property@^1.0.1
350 silly packumentCache full:https://registry.npmjs.org/es-define-property cache-miss
351 http fetch GET 200 https://registry.npmjs.org/call-bind-apply-helpers 57ms (cache miss)
352 silly packumentCache full:https://registry.npmjs.org/call-bind-apply-helpers set size:undefined disposed:false
353 http fetch GET 200 https://registry.npmjs.org/es-object-atoms 97ms (cache miss)
354 silly packumentCache full:https://registry.npmjs.org/es-object-atoms set size:undefined disposed:false
355 http fetch GET 200 https://registry.npmjs.org/function-bind 100ms (cache miss)
356 silly packumentCache full:https://registry.npmjs.org/function-bind set size:undefined disposed:false
357 http fetch GET 200 https://registry.npmjs.org/hasown 103ms (cache miss)
358 silly packumentCache full:https://registry.npmjs.org/hasown set size:undefined disposed:false
359 http fetch GET 200 https://registry.npmjs.org/get-proto 105ms (cache miss)
360 silly packumentCache full:https://registry.npmjs.org/get-proto set size:undefined disposed:false
361 http fetch GET 200 https://registry.npmjs.org/has-symbols 105ms (cache miss)
362 silly packumentCache full:https://registry.npmjs.org/has-symbols set size:undefined disposed:false
363 http fetch GET 200 https://registry.npmjs.org/math-intrinsics 105ms (cache miss)
364 silly packumentCache full:https://registry.npmjs.org/math-intrinsics set size:undefined disposed:false
365 http fetch GET 200 https://registry.npmjs.org/gopd 111ms (cache miss)
366 silly packumentCache full:https://registry.npmjs.org/gopd set size:undefined disposed:false
367 http fetch GET 200 https://registry.npmjs.org/es-define-property 93ms (cache miss)
368 silly packumentCache full:https://registry.npmjs.org/es-define-property set size:undefined disposed:false
369 silly placeDep ROOT call-bind-apply-helpers@1.0.2 OK for: call-bound@1.0.4 want: ^1.0.2
370 silly placeDep ROOT function-bind@1.1.2 OK for: call-bind-apply-helpers@1.0.2 want: ^1.1.2
371 silly placeDep ROOT es-define-property@1.0.1 OK for: get-intrinsic@1.3.0 want: ^1.0.1
372 silly placeDep ROOT es-object-atoms@1.1.1 OK for: get-intrinsic@1.3.0 want: ^1.1.1
373 silly placeDep ROOT get-proto@1.0.1 OK for: get-intrinsic@1.3.0 want: ^1.0.1
374 silly placeDep ROOT gopd@1.2.0 OK for: get-intrinsic@1.3.0 want: ^1.2.0
375 silly placeDep ROOT has-symbols@1.1.0 OK for: get-intrinsic@1.3.0 want: ^1.1.0
376 silly placeDep ROOT hasown@2.0.3 OK for: get-intrinsic@1.3.0 want: ^2.0.2
377 silly placeDep ROOT math-intrinsics@1.1.0 OK for: get-intrinsic@1.3.0 want: ^1.1.0
378 silly fetch manifest dunder-proto@^1.0.1
379 silly packumentCache full:https://registry.npmjs.org/dunder-proto cache-miss
380 http fetch GET 200 https://registry.npmjs.org/dunder-proto 68ms (cache miss)
381 silly packumentCache full:https://registry.npmjs.org/dunder-proto set size:undefined disposed:false
382 silly placeDep ROOT dunder-proto@1.0.1 OK for: get-proto@1.0.1 want: ^1.0.1
383 silly placeDep ROOT media-typer@1.1.0 OK for: type-is@2.0.1 want: ^1.1.0
384 silly reify moves {}
385 http cache media-typer@https://registry.npmjs.org/media-typer/-/media-typer-1.1.0.tgz 0ms (cache hit)
386 http cache hasown@https://registry.npmjs.org/hasown/-/hasown-2.0.3.tgz 0ms (cache hit)
387 http cache has-symbols@https://registry.npmjs.org/has-symbols/-/has-symbols-1.1.0.tgz 0ms (cache hit)
388 http cache gopd@https://registry.npmjs.org/gopd/-/gopd-1.2.0.tgz 0ms (cache hit)
389 http cache get-proto@https://registry.npmjs.org/get-proto/-/get-proto-1.0.1.tgz 0ms (cache hit)
390 http cache math-intrinsics@https://registry.npmjs.org/math-intrinsics/-/math-intrinsics-1.1.0.tgz 0ms (cache hit)
391 http cache dunder-proto@https://registry.npmjs.org/dunder-proto/-/dunder-proto-1.0.1.tgz 0ms (cache hit)
392 http cache es-define-property@https://registry.npmjs.org/es-define-property/-/es-define-property-1.0.1.tgz 0ms (cache hit)
393 http cache function-bind@https://registry.npmjs.org/function-bind/-/function-bind-1.1.2.tgz 0ms (cache hit)
394 http cache call-bind-apply-helpers@https://registry.npmjs.org/call-bind-apply-helpers/-/call-bind-apply-helpers-1.0.2.tgz 0ms (cache hit)
395 http cache get-intrinsic@https://registry.npmjs.org/get-intrinsic/-/get-intrinsic-1.3.0.tgz 0ms (cache hit)
396 http cache call-bound@https://registry.npmjs.org/call-bound/-/call-bound-1.0.4.tgz 1ms (cache hit)
397 http cache side-channel-list@https://registry.npmjs.org/side-channel-list/-/side-channel-list-1.0.1.tgz 0ms (cache hit)
398 http cache es-errors@https://registry.npmjs.org/es-errors/-/es-errors-1.3.0.tgz 0ms (cache hit)
399 http cache side-channel-weakmap@https://registry.npmjs.org/side-channel-weakmap/-/side-channel-weakmap-1.0.2.tgz 1ms (cache hit)
400 http cache object-inspect@https://registry.npmjs.org/object-inspect/-/object-inspect-1.13.4.tgz 0ms (cache hit)
401 http cache side-channel-map@https://registry.npmjs.org/side-channel-map/-/side-channel-map-1.0.1.tgz 0ms (cache hit)
402 http cache path-to-regexp@https://registry.npmjs.org/path-to-regexp/-/path-to-regexp-8.4.2.tgz 0ms (cache hit)
403 http cache ipaddr.js@https://registry.npmjs.org/ipaddr.js/-/ipaddr.js-1.9.1.tgz 0ms (cache hit)
404 http cache es-object-atoms@https://registry.npmjs.org/es-object-atoms/-/es-object-atoms-1.1.1.tgz 0ms (cache hit)
405 http cache side-channel@https://registry.npmjs.org/side-channel/-/side-channel-1.1.0.tgz 0ms (cache hit)
406 http cache is-promise@https://registry.npmjs.org/is-promise/-/is-promise-4.0.0.tgz 0ms (cache hit)
407 http cache forwarded@https://registry.npmjs.org/forwarded/-/forwarded-0.2.0.tgz 0ms (cache hit)
408 http cache wrappy@https://registry.npmjs.org/wrappy/-/wrappy-1.0.2.tgz 0ms (cache hit)
409 http cache ee-first@https://registry.npmjs.org/ee-first/-/ee-first-1.1.1.tgz 0ms (cache hit)
410 http cache mime-db@https://registry.npmjs.org/mime-db/-/mime-db-1.54.0.tgz 0ms (cache hit)
411 http cache toidentifier@https://registry.npmjs.org/toidentifier/-/toidentifier-1.0.1.tgz 0ms (cache hit)
412 http cache ms@https://registry.npmjs.org/ms/-/ms-2.1.3.tgz 0ms (cache hit)
413 http cache inherits@https://registry.npmjs.org/inherits/-/inherits-2.0.4.tgz 0ms (cache hit)
414 http cache raw-body@https://registry.npmjs.org/raw-body/-/raw-body-3.0.2.tgz 0ms (cache hit)
415 http cache safer-buffer@https://registry.npmjs.org/safer-buffer/-/safer-buffer-2.1.2.tgz 0ms (cache hit)
416 http cache setprototypeof@https://registry.npmjs.org/setprototypeof/-/setprototypeof-1.2.0.tgz 0ms (cache hit)
417 http cache bytes@https://registry.npmjs.org/bytes/-/bytes-3.1.2.tgz 0ms (cache hit)
418 http cache statuses@https://registry.npmjs.org/statuses/-/statuses-2.0.2.tgz 0ms (cache hit)
419 http cache type-is@https://registry.npmjs.org/type-is/-/type-is-2.0.1.tgz 0ms (cache hit)
420 http cache serve-static@https://registry.npmjs.org/serve-static/-/serve-static-2.2.1.tgz 0ms (cache hit)
421 http cache unpipe@https://registry.npmjs.org/unpipe/-/unpipe-1.0.0.tgz 0ms (cache hit)
422 http cache router@https://registry.npmjs.org/router/-/router-2.2.0.tgz 0ms (cache hit)
423 http cache iconv-lite@https://registry.npmjs.org/iconv-lite/-/iconv-lite-0.7.2.tgz 0ms (cache hit)
424 http cache send@https://registry.npmjs.org/send/-/send-1.2.1.tgz 0ms (cache hit)
425 http cache negotiator@https://registry.npmjs.org/negotiator/-/negotiator-1.0.0.tgz 0ms (cache hit)
426 http cache qs@https://registry.npmjs.org/qs/-/qs-6.15.1.tgz 0ms (cache hit)
427 http cache on-finished@https://registry.npmjs.org/on-finished/-/on-finished-2.4.1.tgz 0ms (cache hit)
428 http cache once@https://registry.npmjs.org/once/-/once-1.4.0.tgz 0ms (cache hit)
429 http cache merge-descriptors@https://registry.npmjs.org/merge-descriptors/-/merge-descriptors-2.0.0.tgz 0ms (cache hit)
430 http cache range-parser@https://registry.npmjs.org/range-parser/-/range-parser-1.2.1.tgz 0ms (cache hit)
431 http cache parseurl@https://registry.npmjs.org/parseurl/-/parseurl-1.3.3.tgz 0ms (cache hit)
432 http cache proxy-addr@https://registry.npmjs.org/proxy-addr/-/proxy-addr-2.0.7.tgz 0ms (cache hit)
433 http cache mime-types@https://registry.npmjs.org/mime-types/-/mime-types-3.0.2.tgz 0ms (cache hit)
434 http cache escape-html@https://registry.npmjs.org/escape-html/-/escape-html-1.0.3.tgz 0ms (cache hit)
435 http cache encodeurl@https://registry.npmjs.org/encodeurl/-/encodeurl-2.0.0.tgz 0ms (cache hit)
436 http cache etag@https://registry.npmjs.org/etag/-/etag-1.8.1.tgz 0ms (cache hit)
437 http cache debug@https://registry.npmjs.org/debug/-/debug-4.4.3.tgz 0ms (cache hit)
438 http cache http-errors@https://registry.npmjs.org/http-errors/-/http-errors-2.0.1.tgz 0ms (cache hit)
439 http cache finalhandler@https://registry.npmjs.org/finalhandler/-/finalhandler-2.1.1.tgz 0ms (cache hit)
440 http cache fresh@https://registry.npmjs.org/fresh/-/fresh-2.0.0.tgz 0ms (cache hit)
441 http cache depd@https://registry.npmjs.org/depd/-/depd-2.0.0.tgz 0ms (cache hit)
442 http cache content-disposition@https://registry.npmjs.org/content-disposition/-/content-disposition-1.1.0.tgz 0ms (cache hit)
443 http cache accepts@https://registry.npmjs.org/accepts/-/accepts-2.0.0.tgz 0ms (cache hit)
444 http cache body-parser@https://registry.npmjs.org/body-parser/-/body-parser-2.2.2.tgz 0ms (cache hit)
445 http cache vary@https://registry.npmjs.org/vary/-/vary-1.1.2.tgz 0ms (cache hit)
446 http cache cookie-signature@https://registry.npmjs.org/cookie-signature/-/cookie-signature-1.2.2.tgz 0ms (cache hit)
447 http cache object-assign@https://registry.npmjs.org/object-assign/-/object-assign-4.1.1.tgz 0ms (cache hit)
448 http cache cookie@https://registry.npmjs.org/cookie/-/cookie-0.7.2.tgz 0ms (cache hit)
449 http cache content-type@https://registry.npmjs.org/content-type/-/content-type-1.0.5.tgz 0ms (cache hit)
450 http cache dotenv@https://registry.npmjs.org/dotenv/-/dotenv-17.4.2.tgz 0ms (cache hit)
451 http cache express@https://registry.npmjs.org/express/-/express-5.2.1.tgz 0ms (cache hit)
452 http cache cors@https://registry.npmjs.org/cors/-/cors-2.8.6.tgz 0ms (cache hit)
453 silly tarball no local data for media-typer@https://registry.npmjs.org/media-typer/-/media-typer-1.1.0.tgz. Extracting by manifest.
454 silly tarball no local data for hasown@https://registry.npmjs.org/hasown/-/hasown-2.0.3.tgz. Extracting by manifest.
455 silly tarball no local data for has-symbols@https://registry.npmjs.org/has-symbols/-/has-symbols-1.1.0.tgz. Extracting by manifest.
456 silly tarball no local data for gopd@https://registry.npmjs.org/gopd/-/gopd-1.2.0.tgz. Extracting by manifest.
457 silly tarball no local data for get-proto@https://registry.npmjs.org/get-proto/-/get-proto-1.0.1.tgz. Extracting by manifest.
458 silly tarball no local data for math-intrinsics@https://registry.npmjs.org/math-intrinsics/-/math-intrinsics-1.1.0.tgz. Extracting by manifest.
459 silly tarball no local data for dunder-proto@https://registry.npmjs.org/dunder-proto/-/dunder-proto-1.0.1.tgz. Extracting by manifest.
460 silly tarball no local data for es-define-property@https://registry.npmjs.org/es-define-property/-/es-define-property-1.0.1.tgz. Extracting by manifest.
461 silly tarball no local data for function-bind@https://registry.npmjs.org/function-bind/-/function-bind-1.1.2.tgz. Extracting by manifest.
462 silly tarball no local data for call-bind-apply-helpers@https://registry.npmjs.org/call-bind-apply-helpers/-/call-bind-apply-helpers-1.0.2.tgz. Extracting by manifest.
463 silly tarball no local data for get-intrinsic@https://registry.npmjs.org/get-intrinsic/-/get-intrinsic-1.3.0.tgz. Extracting by manifest.
464 silly tarball no local data for call-bound@https://registry.npmjs.org/call-bound/-/call-bound-1.0.4.tgz. Extracting by manifest.
465 silly tarball no local data for side-channel-list@https://registry.npmjs.org/side-channel-list/-/side-channel-list-1.0.1.tgz. Extracting by manifest.
466 silly tarball no local data for es-errors@https://registry.npmjs.org/es-errors/-/es-errors-1.3.0.tgz. Extracting by manifest.
467 silly tarball no local data for side-channel-weakmap@https://registry.npmjs.org/side-channel-weakmap/-/side-channel-weakmap-1.0.2.tgz. Extracting by manifest.
468 silly tarball no local data for object-inspect@https://registry.npmjs.org/object-inspect/-/object-inspect-1.13.4.tgz. Extracting by manifest.
469 silly tarball no local data for side-channel-map@https://registry.npmjs.org/side-channel-map/-/side-channel-map-1.0.1.tgz. Extracting by manifest.
470 silly tarball no local data for path-to-regexp@https://registry.npmjs.org/path-to-regexp/-/path-to-regexp-8.4.2.tgz. Extracting by manifest.
471 silly tarball no local data for ipaddr.js@https://registry.npmjs.org/ipaddr.js/-/ipaddr.js-1.9.1.tgz. Extracting by manifest.
472 silly tarball no local data for es-object-atoms@https://registry.npmjs.org/es-object-atoms/-/es-object-atoms-1.1.1.tgz. Extracting by manifest.
473 silly tarball no local data for side-channel@https://registry.npmjs.org/side-channel/-/side-channel-1.1.0.tgz. Extracting by manifest.
474 silly tarball no local data for is-promise@https://registry.npmjs.org/is-promise/-/is-promise-4.0.0.tgz. Extracting by manifest.
475 silly tarball no local data for forwarded@https://registry.npmjs.org/forwarded/-/forwarded-0.2.0.tgz. Extracting by manifest.
476 silly tarball no local data for wrappy@https://registry.npmjs.org/wrappy/-/wrappy-1.0.2.tgz. Extracting by manifest.
477 silly tarball no local data for ee-first@https://registry.npmjs.org/ee-first/-/ee-first-1.1.1.tgz. Extracting by manifest.
478 silly tarball no local data for mime-db@https://registry.npmjs.org/mime-db/-/mime-db-1.54.0.tgz. Extracting by manifest.
479 silly tarball no local data for toidentifier@https://registry.npmjs.org/toidentifier/-/toidentifier-1.0.1.tgz. Extracting by manifest.
480 silly tarball no local data for ms@https://registry.npmjs.org/ms/-/ms-2.1.3.tgz. Extracting by manifest.
481 silly tarball no local data for inherits@https://registry.npmjs.org/inherits/-/inherits-2.0.4.tgz. Extracting by manifest.
482 silly tarball no local data for raw-body@https://registry.npmjs.org/raw-body/-/raw-body-3.0.2.tgz. Extracting by manifest.
483 silly tarball no local data for safer-buffer@https://registry.npmjs.org/safer-buffer/-/safer-buffer-2.1.2.tgz. Extracting by manifest.
484 silly tarball no local data for setprototypeof@https://registry.npmjs.org/setprototypeof/-/setprototypeof-1.2.0.tgz. Extracting by manifest.
485 silly tarball no local data for bytes@https://registry.npmjs.org/bytes/-/bytes-3.1.2.tgz. Extracting by manifest.
486 silly tarball no local data for statuses@https://registry.npmjs.org/statuses/-/statuses-2.0.2.tgz. Extracting by manifest.
487 silly tarball no local data for type-is@https://registry.npmjs.org/type-is/-/type-is-2.0.1.tgz. Extracting by manifest.
488 silly tarball no local data for serve-static@https://registry.npmjs.org/serve-static/-/serve-static-2.2.1.tgz. Extracting by manifest.
489 silly tarball no local data for unpipe@https://registry.npmjs.org/unpipe/-/unpipe-1.0.0.tgz. Extracting by manifest.
490 silly tarball no local data for router@https://registry.npmjs.org/router/-/router-2.2.0.tgz. Extracting by manifest.
491 silly tarball no local data for iconv-lite@https://registry.npmjs.org/iconv-lite/-/iconv-lite-0.7.2.tgz. Extracting by manifest.
492 silly tarball no local data for send@https://registry.npmjs.org/send/-/send-1.2.1.tgz. Extracting by manifest.
493 silly tarball no local data for negotiator@https://registry.npmjs.org/negotiator/-/negotiator-1.0.0.tgz. Extracting by manifest.
494 silly tarball no local data for qs@https://registry.npmjs.org/qs/-/qs-6.15.1.tgz. Extracting by manifest.
495 silly tarball no local data for on-finished@https://registry.npmjs.org/on-finished/-/on-finished-2.4.1.tgz. Extracting by manifest.
496 silly tarball no local data for once@https://registry.npmjs.org/once/-/once-1.4.0.tgz. Extracting by manifest.
497 silly tarball no local data for merge-descriptors@https://registry.npmjs.org/merge-descriptors/-/merge-descriptors-2.0.0.tgz. Extracting by manifest.
498 silly tarball no local data for range-parser@https://registry.npmjs.org/range-parser/-/range-parser-1.2.1.tgz. Extracting by manifest.
499 silly tarball no local data for parseurl@https://registry.npmjs.org/parseurl/-/parseurl-1.3.3.tgz. Extracting by manifest.
500 silly tarball no local data for proxy-addr@https://registry.npmjs.org/proxy-addr/-/proxy-addr-2.0.7.tgz. Extracting by manifest.
501 silly tarball no local data for mime-types@https://registry.npmjs.org/mime-types/-/mime-types-3.0.2.tgz. Extracting by manifest.
502 silly tarball no local data for escape-html@https://registry.npmjs.org/escape-html/-/escape-html-1.0.3.tgz. Extracting by manifest.
503 silly tarball no local data for encodeurl@https://registry.npmjs.org/encodeurl/-/encodeurl-2.0.0.tgz. Extracting by manifest.
504 silly tarball no local data for etag@https://registry.npmjs.org/etag/-/etag-1.8.1.tgz. Extracting by manifest.
505 silly tarball no local data for debug@https://registry.npmjs.org/debug/-/debug-4.4.3.tgz. Extracting by manifest.
506 silly tarball no local data for http-errors@https://registry.npmjs.org/http-errors/-/http-errors-2.0.1.tgz. Extracting by manifest.
507 silly tarball no local data for finalhandler@https://registry.npmjs.org/finalhandler/-/finalhandler-2.1.1.tgz. Extracting by manifest.
508 silly tarball no local data for fresh@https://registry.npmjs.org/fresh/-/fresh-2.0.0.tgz. Extracting by manifest.
509 silly tarball no local data for depd@https://registry.npmjs.org/depd/-/depd-2.0.0.tgz. Extracting by manifest.
510 silly tarball no local data for content-disposition@https://registry.npmjs.org/content-disposition/-/content-disposition-1.1.0.tgz. Extracting by manifest.
511 silly tarball no local data for accepts@https://registry.npmjs.org/accepts/-/accepts-2.0.0.tgz. Extracting by manifest.
512 silly tarball no local data for body-parser@https://registry.npmjs.org/body-parser/-/body-parser-2.2.2.tgz. Extracting by manifest.
513 silly tarball no local data for vary@https://registry.npmjs.org/vary/-/vary-1.1.2.tgz. Extracting by manifest.
514 silly tarball no local data for cookie-signature@https://registry.npmjs.org/cookie-signature/-/cookie-signature-1.2.2.tgz. Extracting by manifest.
515 silly tarball no local data for object-assign@https://registry.npmjs.org/object-assign/-/object-assign-4.1.1.tgz. Extracting by manifest.
516 silly tarball no local data for cookie@https://registry.npmjs.org/cookie/-/cookie-0.7.2.tgz. Extracting by manifest.
517 silly tarball no local data for content-type@https://registry.npmjs.org/content-type/-/content-type-1.0.5.tgz. Extracting by manifest.
518 silly tarball no local data for dotenv@https://registry.npmjs.org/dotenv/-/dotenv-17.4.2.tgz. Extracting by manifest.
519 silly tarball no local data for express@https://registry.npmjs.org/express/-/express-5.2.1.tgz. Extracting by manifest.
520 silly tarball no local data for cors@https://registry.npmjs.org/cors/-/cors-2.8.6.tgz. Extracting by manifest.
521 http fetch GET 200 https://registry.npmjs.org/hasown/-/hasown-2.0.3.tgz 137ms (cache miss)
522 http fetch GET 200 https://registry.npmjs.org/media-typer/-/media-typer-1.1.0.tgz 142ms (cache miss)
523 http fetch GET 200 https://registry.npmjs.org/get-proto/-/get-proto-1.0.1.tgz 141ms (cache miss)
524 http fetch GET 200 https://registry.npmjs.org/es-define-property/-/es-define-property-1.0.1.tgz 141ms (cache miss)
525 http fetch GET 200 https://registry.npmjs.org/dunder-proto/-/dunder-proto-1.0.1.tgz 143ms (cache miss)
526 http fetch GET 200 https://registry.npmjs.org/function-bind/-/function-bind-1.1.2.tgz 143ms (cache miss)
527 http fetch GET 200 https://registry.npmjs.org/gopd/-/gopd-1.2.0.tgz 149ms (cache miss)
528 http fetch GET 200 https://registry.npmjs.org/has-symbols/-/has-symbols-1.1.0.tgz 151ms (cache miss)
529 http fetch GET 200 https://registry.npmjs.org/side-channel-map/-/side-channel-map-1.0.1.tgz 153ms (cache miss)
530 http fetch GET 200 https://registry.npmjs.org/side-channel/-/side-channel-1.1.0.tgz 155ms (cache miss)
531 http fetch GET 200 https://registry.npmjs.org/ipaddr.js/-/ipaddr.js-1.9.1.tgz 158ms (cache miss)
532 http fetch GET 200 https://registry.npmjs.org/math-intrinsics/-/math-intrinsics-1.1.0.tgz 166ms (cache miss)
533 http fetch GET 200 https://registry.npmjs.org/path-to-regexp/-/path-to-regexp-8.4.2.tgz 165ms (cache miss)
534 http fetch GET 200 https://registry.npmjs.org/is-promise/-/is-promise-4.0.0.tgz 164ms (cache miss)
535 http fetch GET 200 https://registry.npmjs.org/es-object-atoms/-/es-object-atoms-1.1.1.tgz 165ms (cache miss)
536 http fetch GET 200 https://registry.npmjs.org/object-inspect/-/object-inspect-1.13.4.tgz 170ms (cache miss)
537 http fetch GET 200 https://registry.npmjs.org/ee-first/-/ee-first-1.1.1.tgz 171ms (cache miss)
538 http fetch GET 200 https://registry.npmjs.org/forwarded/-/forwarded-0.2.0.tgz 180ms (cache miss)
539 http fetch GET 200 https://registry.npmjs.org/side-channel-list/-/side-channel-list-1.0.1.tgz 186ms (cache miss)
540 http fetch GET 200 https://registry.npmjs.org/call-bind-apply-helpers/-/call-bind-apply-helpers-1.0.2.tgz 194ms (cache miss)
541 http fetch GET 200 https://registry.npmjs.org/side-channel-weakmap/-/side-channel-weakmap-1.0.2.tgz 194ms (cache miss)
542 http fetch GET 200 https://registry.npmjs.org/toidentifier/-/toidentifier-1.0.1.tgz 193ms (cache miss)
543 http fetch GET 200 https://registry.npmjs.org/mime-db/-/mime-db-1.54.0.tgz 194ms (cache miss)
544 http fetch GET 200 https://registry.npmjs.org/wrappy/-/wrappy-1.0.2.tgz 201ms (cache miss)
545 http fetch GET 200 https://registry.npmjs.org/call-bound/-/call-bound-1.0.4.tgz 207ms (cache miss)
546 http fetch GET 200 https://registry.npmjs.org/ms/-/ms-2.1.3.tgz 203ms (cache miss)
547 http fetch GET 200 https://registry.npmjs.org/setprototypeof/-/setprototypeof-1.2.0.tgz 207ms (cache miss)
548 http fetch GET 200 https://registry.npmjs.org/raw-body/-/raw-body-3.0.2.tgz 215ms (cache miss)
549 http fetch GET 200 https://registry.npmjs.org/inherits/-/inherits-2.0.4.tgz 229ms (cache miss)
550 http fetch GET 200 https://registry.npmjs.org/bytes/-/bytes-3.1.2.tgz 229ms (cache miss)
551 http fetch GET 200 https://registry.npmjs.org/type-is/-/type-is-2.0.1.tgz 232ms (cache miss)
552 http fetch GET 200 https://registry.npmjs.org/es-errors/-/es-errors-1.3.0.tgz 239ms (cache miss)
553 http fetch GET 200 https://registry.npmjs.org/get-intrinsic/-/get-intrinsic-1.3.0.tgz 244ms (cache miss)
554 http fetch GET 200 https://registry.npmjs.org/statuses/-/statuses-2.0.2.tgz 238ms (cache miss)
555 http fetch GET 200 https://registry.npmjs.org/serve-static/-/serve-static-2.2.1.tgz 237ms (cache miss)
556 http fetch GET 200 https://registry.npmjs.org/unpipe/-/unpipe-1.0.0.tgz 247ms (cache miss)
557 http fetch GET 200 https://registry.npmjs.org/router/-/router-2.2.0.tgz 249ms (cache miss)
558 http fetch GET 200 https://registry.npmjs.org/send/-/send-1.2.1.tgz 254ms (cache miss)
559 http fetch GET 200 https://registry.npmjs.org/negotiator/-/negotiator-1.0.0.tgz 259ms (cache miss)
560 http fetch GET 200 https://registry.npmjs.org/once/-/once-1.4.0.tgz 284ms (cache miss)
561 http fetch GET 200 https://registry.npmjs.org/parseurl/-/parseurl-1.3.3.tgz 290ms (cache miss)
562 http fetch GET 200 https://registry.npmjs.org/qs/-/qs-6.15.1.tgz 292ms (cache miss)
563 http fetch GET 200 https://registry.npmjs.org/on-finished/-/on-finished-2.4.1.tgz 295ms (cache miss)
564 http fetch GET 200 https://registry.npmjs.org/range-parser/-/range-parser-1.2.1.tgz 297ms (cache miss)
565 http fetch GET 200 https://registry.npmjs.org/merge-descriptors/-/merge-descriptors-2.0.0.tgz 299ms (cache miss)
566 http fetch GET 200 https://registry.npmjs.org/proxy-addr/-/proxy-addr-2.0.7.tgz 298ms (cache miss)
567 http fetch GET 200 https://registry.npmjs.org/mime-types/-/mime-types-3.0.2.tgz 298ms (cache miss)
568 http fetch GET 200 https://registry.npmjs.org/safer-buffer/-/safer-buffer-2.1.2.tgz 304ms (cache miss)
569 http fetch GET 200 https://registry.npmjs.org/encodeurl/-/encodeurl-2.0.0.tgz 302ms (cache miss)
570 http fetch GET 200 https://registry.npmjs.org/http-errors/-/http-errors-2.0.1.tgz 306ms (cache miss)
571 http fetch GET 200 https://registry.npmjs.org/escape-html/-/escape-html-1.0.3.tgz 307ms (cache miss)
572 http fetch GET 200 https://registry.npmjs.org/etag/-/etag-1.8.1.tgz 307ms (cache miss)
573 http fetch GET 200 https://registry.npmjs.org/iconv-lite/-/iconv-lite-0.7.2.tgz 315ms (cache miss)
574 http fetch GET 200 https://registry.npmjs.org/finalhandler/-/finalhandler-2.1.1.tgz 310ms (cache miss)
575 http fetch GET 200 https://registry.npmjs.org/debug/-/debug-4.4.3.tgz 316ms (cache miss)
576 http fetch GET 200 https://registry.npmjs.org/depd/-/depd-2.0.0.tgz 323ms (cache miss)
577 http fetch GET 200 https://registry.npmjs.org/fresh/-/fresh-2.0.0.tgz 324ms (cache miss)
578 http fetch GET 200 https://registry.npmjs.org/accepts/-/accepts-2.0.0.tgz 337ms (cache miss)
579 http fetch GET 200 https://registry.npmjs.org/content-disposition/-/content-disposition-1.1.0.tgz 345ms (cache miss)
580 http fetch GET 200 https://registry.npmjs.org/vary/-/vary-1.1.2.tgz 345ms (cache miss)
581 http fetch GET 200 https://registry.npmjs.org/cookie-signature/-/cookie-signature-1.2.2.tgz 346ms (cache miss)
582 http fetch GET 200 https://registry.npmjs.org/cookie/-/cookie-0.7.2.tgz 342ms (cache miss)
583 http fetch GET 200 https://registry.npmjs.org/express/-/express-5.2.1.tgz 342ms (cache miss)
584 http fetch GET 200 https://registry.npmjs.org/dotenv/-/dotenv-17.4.2.tgz 343ms (cache miss)
585 http fetch GET 200 https://registry.npmjs.org/content-type/-/content-type-1.0.5.tgz 345ms (cache miss)
586 http fetch GET 200 https://registry.npmjs.org/cors/-/cors-2.8.6.tgz 358ms (cache miss)
587 http fetch GET 200 https://registry.npmjs.org/object-assign/-/object-assign-4.1.1.tgz 362ms (cache miss)
588 http fetch GET 200 https://registry.npmjs.org/body-parser/-/body-parser-2.2.2.tgz 623ms (cache miss)
589 silly ADD node_modules/media-typer
590 silly ADD node_modules/dunder-proto
591 silly ADD node_modules/math-intrinsics
592 silly ADD node_modules/hasown
593 silly ADD node_modules/has-symbols
594 silly ADD node_modules/gopd
595 silly ADD node_modules/get-proto
596 silly ADD node_modules/es-object-atoms
597 silly ADD node_modules/es-define-property
598 silly ADD node_modules/function-bind
599 silly ADD node_modules/call-bind-apply-helpers
600 silly ADD node_modules/get-intrinsic
601 silly ADD node_modules/call-bound
602 silly ADD node_modules/side-channel-weakmap
603 silly ADD node_modules/side-channel-map
604 silly ADD node_modules/side-channel-list
605 silly ADD node_modules/object-inspect
606 silly ADD node_modules/es-errors
607 silly ADD node_modules/path-to-regexp
608 silly ADD node_modules/is-promise
609 silly ADD node_modules/unpipe
610 silly ADD node_modules/side-channel
611 silly ADD node_modules/ipaddr.js
612 silly ADD node_modules/forwarded
613 silly ADD node_modules/wrappy
614 silly ADD node_modules/ee-first
615 silly ADD node_modules/mime-db
616 silly ADD node_modules/safer-buffer
617 silly ADD node_modules/toidentifier
618 silly ADD node_modules/setprototypeof
619 silly ADD node_modules/inherits
620 silly ADD node_modules/ms
621 silly ADD node_modules/raw-body
622 silly ADD node_modules/iconv-lite
623 silly ADD node_modules/bytes
624 silly ADD node_modules/negotiator
625 silly ADD node_modules/type-is
626 silly ADD node_modules/statuses
627 silly ADD node_modules/serve-static
628 silly ADD node_modules/send
629 silly ADD node_modules/router
630 silly ADD node_modules/range-parser
631 silly ADD node_modules/qs
632 silly ADD node_modules/proxy-addr
633 silly ADD node_modules/parseurl
634 silly ADD node_modules/once
635 silly ADD node_modules/on-finished
636 silly ADD node_modules/mime-types
637 silly ADD node_modules/merge-descriptors
638 silly ADD node_modules/http-errors
639 silly ADD node_modules/fresh
640 silly ADD node_modules/finalhandler
641 silly ADD node_modules/etag
642 silly ADD node_modules/escape-html
643 silly ADD node_modules/encodeurl
644 silly ADD node_modules/depd
645 silly ADD node_modules/debug
646 silly ADD node_modules/cookie-signature
647 silly ADD node_modules/cookie
648 silly ADD node_modules/content-type
649 silly ADD node_modules/content-disposition
650 silly ADD node_modules/body-parser
651 silly ADD node_modules/accepts
652 silly ADD node_modules/vary
653 silly ADD node_modules/object-assign
654 silly ADD node_modules/express
655 silly ADD node_modules/dotenv
656 silly ADD node_modules/cors
657 verbose cwd /data/data/com.termux/files/home
658 verbose os Linux 6.1.138-android14-11
659 verbose node v25.8.2
660 verbose npm  v11.14.1
661 verbose exit 0
662 info ok
